2025-12-19 17:04:03.424 [info] [main] Log level: Info
2025-12-19 17:04:03.424 [info] [main] Validating found git in: "git"
2025-12-19 17:04:03.424 [info] [main] Using git "2.52.0" from "git"
2025-12-19 17:04:03.424 [info] [Model][doInitialScan] Initial repository scan started
2025-12-19 17:04:03.424 [info] > git rev-parse --show-toplevel [6ms]
2025-12-19 17:04:03.424 [info] fatal: not a git repository (or any parent up to mount point /)
Stopping at filesystem boundary (GIT_DISCOVERY_ACROSS_FILESYSTEM not set).
2025-12-19 17:04:03.424 [info] > git rev-parse --show-toplevel [2ms]
2025-12-19 17:04:03.424 [info] fatal: not a git repository (or any parent up to mount point /)
Stopping at filesystem boundary (GIT_DISCOVERY_ACROSS_FILESYSTEM not set).
2025-12-19 17:04:03.424 [info] > git rev-parse --show-toplevel [2ms]
2025-12-19 17:04:03.424 [info] fatal: not a git repository (or any parent up to mount point /)
Stopping at filesystem boundary (GIT_DISCOVERY_ACROSS_FILESYSTEM not set).
2025-12-19 17:04:03.424 [info] [Model][doInitialScan] Initial repository scan completed - repositories (0), closed repositories (0), parent repositories (0), unsafe repositories (0)
2025-12-19 17:04:03.765 [info] > git rev-parse --show-toplevel [13ms]
2025-12-19 17:04:03.765 [info] fatal: not a git repository (or any parent up to mount point /)
Stopping at filesystem boundary (GIT_DISCOVERY_ACROSS_FILESYSTEM not set).
2025-12-19 17:04:04.211 [info] > git rev-parse --show-toplevel [226ms]
2025-12-19 17:04:04.211 [info] fatal: not a git repository (or any parent up to mount point /)
Stopping at filesystem boundary (GIT_DISCOVERY_ACROSS_FILESYSTEM not set).
2025-12-19 17:04:07.966 [info] [main] Log level: Info
2025-12-19 17:04:07.966 [info] [main] Validating found git in: "git"
2025-12-19 17:04:07.966 [info] [main] Using git "2.52.0" from "git"
2025-12-19 17:04:07.966 [info] [Model][doInitialScan] Initial repository scan started
2025-12-19 17:04:07.966 [info] > git rev-parse --show-toplevel [8ms]
2025-12-19 17:04:07.966 [info] fatal: not a git repository (or any parent up to mount point /)
Stopping at filesystem boundary (GIT_DISCOVERY_ACROSS_FILESYSTEM not set).
2025-12-19 17:04:07.977 [info] > git rev-parse --show-toplevel [2ms]
2025-12-19 17:04:07.977 [info] fatal: not a git repository (or any parent up to mount point /)
Stopping at filesystem boundary (GIT_DISCOVERY_ACROSS_FILESYSTEM not set).
2025-12-19 17:04:07.987 [info] > git rev-parse --show-toplevel [2ms]
2025-12-19 17:04:07.987 [info] fatal: not a git repository (or any parent up to mount point /)
Stopping at filesystem boundary (GIT_DISCOVERY_ACROSS_FILESYSTEM not set).
2025-12-19 17:04:07.990 [info] [Model][doInitialScan] Initial repository scan completed - repositories (0), closed repositories (0), parent repositories (0), unsafe repositories (0)
2025-12-19 17:04:08.573 [info] > git rev-parse --show-toplevel [3ms]
2025-12-19 17:04:08.573 [info] fatal: not a git repository (or any parent up to mount point /)
Stopping at filesystem boundary (GIT_DISCOVERY_ACROSS_FILESYSTEM not set).
2025-12-19 17:04:09.259 [info] > git rev-parse --show-toplevel [253ms]
2025-12-19 17:04:09.259 [info] fatal: not a git repository (or any parent up to mount point /)
Stopping at filesystem boundary (GIT_DISCOVERY_ACROSS_FILESYSTEM not set).
