2025-12-19 17:04:03.382 [info] Reading sessions from keychain...
2025-12-19 17:04:03.382 [info] Getting sessions for all scopes...
2025-12-19 17:04:03.382 [info] Got 0 sessions for ...
2025-12-19 17:04:03.382 [info] Getting sessions for all scopes...
2025-12-19 17:04:03.382 [info] Got 0 sessions for ...
2025-12-19 17:04:03.382 [info] Getting sessions for all scopes...
2025-12-19 17:04:03.382 [info] Got 0 sessions for ...
2025-12-19 17:04:03.382 [info] Getting sessions for all scopes...
2025-12-19 17:04:03.382 [info] Got 0 sessions for ...
2025-12-19 17:04:03.382 [info] Getting sessions for all scopes...
2025-12-19 17:04:03.382 [info] Got 0 sessions for ...
2025-12-19 17:04:03.382 [info] Getting sessions for all scopes...
2025-12-19 17:04:03.382 [info] Got 0 sessions for ...
2025-12-19 17:04:03.382 [info] Getting sessions for all scopes...
2025-12-19 17:04:03.382 [info] Got 0 sessions for ...
2025-12-19 17:04:03.382 [info] Getting sessions for all scopes...
2025-12-19 17:04:03.382 [info] Got 0 sessions for ...
2025-12-19 17:04:03.382 [info] Getting sessions for all scopes...
2025-12-19 17:04:03.382 [info] Got 0 sessions for ...
2025-12-19 17:04:03.382 [info] Getting sessions for all scopes...
2025-12-19 17:04:03.382 [info] Got 0 sessions for ...
2025-12-19 17:04:03.382 [info] Getting sessions for all scopes...
2025-12-19 17:04:03.382 [info] Got 0 sessions for ...
2025-12-19 17:04:03.382 [info] Getting sessions for all scopes...
2025-12-19 17:04:03.382 [info] Got 0 sessions for ...
2025-12-19 17:04:03.382 [info] Getting sessions for all scopes...
2025-12-19 17:04:03.382 [info] Got 0 sessions for ...
2025-12-19 17:04:03.382 [info] Getting sessions for all scopes...
2025-12-19 17:04:03.382 [info] Got 0 sessions for ...
2025-12-19 17:04:03.382 [info] Getting sessions for all scopes...
2025-12-19 17:04:03.382 [info] Got 0 sessions for ...
2025-12-19 17:04:03.382 [info] Getting sessions for all scopes...
2025-12-19 17:04:03.382 [info] Got 0 sessions for ...
2025-12-19 17:04:03.382 [info] Getting sessions for all scopes...
2025-12-19 17:04:03.382 [info] Got 0 sessions for ...
2025-12-19 17:04:03.382 [info] Getting sessions for all scopes...
2025-12-19 17:04:03.382 [info] Got 0 sessions for ...
2025-12-19 17:04:03.382 [info] Getting sessions for user:email...
2025-12-19 17:04:03.382 [info] Got 0 sessions for user:email...
2025-12-19 17:04:03.382 [info] Getting sessions for read:user,repo,user:email,workflow...
2025-12-19 17:04:03.382 [info] Got 0 sessions for read:user,repo,user:email,workflow...
2025-12-19 17:04:03.417 [info] Getting sessions for all scopes...
2025-12-19 17:04:03.417 [info] Got 0 sessions for ...
2025-12-19 17:04:03.418 [info] Getting sessions for user:email...
2025-12-19 17:04:03.418 [info] Got 0 sessions for user:email...
2025-12-19 17:04:03.786 [info] Getting sessions for all scopes...
2025-12-19 17:04:03.786 [info] Got 0 sessions for ...
2025-12-19 17:04:03.786 [info] Getting sessions for all scopes...
2025-12-19 17:04:03.786 [info] Got 0 sessions for ...
2025-12-19 17:04:03.787 [info] Getting sessions for all scopes...
2025-12-19 17:04:03.787 [info] Got 0 sessions for ...
2025-12-19 17:04:03.972 [info] Getting sessions for all scopes...
2025-12-19 17:04:03.972 [info] Got 0 sessions for ...
2025-12-19 17:04:04.212 [info] Getting sessions for user:email...
2025-12-19 17:04:04.212 [info] Got 0 sessions for user:email...
2025-12-19 17:04:04.214 [info] Getting sessions for read:user,repo,user:email,workflow...
2025-12-19 17:04:04.214 [info] Got 0 sessions for read:user,repo,user:email,workflow...
2025-12-19 17:04:07.907 [info] Reading sessions from keychain...
2025-12-19 17:04:07.907 [info] Getting sessions for all scopes...
2025-12-19 17:04:07.907 [info] Got 0 sessions for ...
2025-12-19 17:04:07.907 [info] Getting sessions for all scopes...
2025-12-19 17:04:07.907 [info] Got 0 sessions for ...
2025-12-19 17:04:07.907 [info] Getting sessions for all scopes...
2025-12-19 17:04:07.907 [info] Got 0 sessions for ...
2025-12-19 17:04:07.907 [info] Getting sessions for all scopes...
2025-12-19 17:04:07.907 [info] Got 0 sessions for ...
2025-12-19 17:04:07.907 [info] Getting sessions for all scopes...
2025-12-19 17:04:07.907 [info] Got 0 sessions for ...
2025-12-19 17:04:07.907 [info] Getting sessions for all scopes...
2025-12-19 17:04:07.907 [info] Got 0 sessions for ...
2025-12-19 17:04:07.907 [info] Getting sessions for all scopes...
2025-12-19 17:04:07.907 [info] Got 0 sessions for ...
2025-12-19 17:04:07.943 [info] Getting sessions for user:email...
2025-12-19 17:04:07.943 [info] Got 0 sessions for user:email...
2025-12-19 17:04:07.943 [info] Getting sessions for read:user,repo,user:email,workflow...
2025-12-19 17:04:07.943 [info] Got 0 sessions for read:user,repo,user:email,workflow...
2025-12-19 17:04:07.977 [info] Getting sessions for all scopes...
2025-12-19 17:04:07.977 [info] Got 0 sessions for ...
2025-12-19 17:04:07.993 [info] Getting sessions for user:email...
2025-12-19 17:04:07.993 [info] Got 0 sessions for user:email...
2025-12-19 17:04:08.801 [info] Getting sessions for all scopes...
2025-12-19 17:04:08.801 [info] Got 0 sessions for ...
2025-12-19 17:04:08.801 [info] Getting sessions for all scopes...
2025-12-19 17:04:08.801 [info] Got 0 sessions for ...
2025-12-19 17:04:08.801 [info] Getting sessions for all scopes...
2025-12-19 17:04:08.801 [info] Got 0 sessions for ...
2025-12-19 17:04:08.803 [info] Getting sessions for user:email...
2025-12-19 17:04:08.803 [info] Got 0 sessions for user:email...
2025-12-19 17:04:08.804 [info] Getting sessions for read:user,repo,user:email,workflow...
2025-12-19 17:04:08.804 [info] Got 0 sessions for read:user,repo,user:email,workflow...
