2025-12-19 16:30:23.107 [info] Reading sessions from keychain...
2025-12-19 16:30:23.107 [info] Getting sessions for all scopes...
2025-12-19 16:30:23.107 [info] Got 0 sessions for ...
2025-12-19 16:30:23.107 [info] Getting sessions for all scopes...
2025-12-19 16:30:23.107 [info] Got 0 sessions for ...
2025-12-19 16:30:23.107 [info] Getting sessions for all scopes...
2025-12-19 16:30:23.107 [info] Got 0 sessions for ...
2025-12-19 16:30:23.107 [info] Getting sessions for all scopes...
2025-12-19 16:30:23.107 [info] Got 0 sessions for ...
2025-12-19 16:30:23.107 [info] Getting sessions for all scopes...
2025-12-19 16:30:23.107 [info] Got 0 sessions for ...
2025-12-19 16:30:23.107 [info] Getting sessions for all scopes...
2025-12-19 16:30:23.107 [info] Got 0 sessions for ...
2025-12-19 16:30:23.107 [info] Getting sessions for all scopes...
2025-12-19 16:30:23.107 [info] Got 0 sessions for ...
2025-12-19 16:30:23.107 [info] Getting sessions for all scopes...
2025-12-19 16:30:23.107 [info] Got 0 sessions for ...
2025-12-19 16:30:23.107 [info] Getting sessions for all scopes...
2025-12-19 16:30:23.107 [info] Got 0 sessions for ...
2025-12-19 16:30:23.107 [info] Getting sessions for all scopes...
2025-12-19 16:30:23.107 [info] Got 0 sessions for ...
2025-12-19 16:30:23.107 [info] Getting sessions for all scopes...
2025-12-19 16:30:23.107 [info] Got 0 sessions for ...
2025-12-19 16:30:23.107 [info] Getting sessions for all scopes...
2025-12-19 16:30:23.107 [info] Got 0 sessions for ...
2025-12-19 16:30:23.107 [info] Getting sessions for all scopes...
2025-12-19 16:30:23.107 [info] Got 0 sessions for ...
2025-12-19 16:30:23.107 [info] Getting sessions for all scopes...
2025-12-19 16:30:23.107 [info] Got 0 sessions for ...
2025-12-19 16:30:23.107 [info] Getting sessions for all scopes...
2025-12-19 16:30:23.107 [info] Got 0 sessions for ...
2025-12-19 16:30:23.107 [info] Getting sessions for all scopes...
2025-12-19 16:30:23.107 [info] Got 0 sessions for ...
2025-12-19 16:30:23.107 [info] Getting sessions for all scopes...
2025-12-19 16:30:23.107 [info] Got 0 sessions for ...
2025-12-19 16:30:23.107 [info] Getting sessions for all scopes...
2025-12-19 16:30:23.107 [info] Got 0 sessions for ...
2025-12-19 16:30:23.107 [info] Getting sessions for user:email...
2025-12-19 16:30:23.107 [info] Got 0 sessions for user:email...
2025-12-19 16:30:23.107 [info] Getting sessions for read:user,repo,user:email,workflow...
2025-12-19 16:30:23.107 [info] Got 0 sessions for read:user,repo,user:email,workflow...
2025-12-19 16:30:23.590 [info] Getting sessions for all scopes...
2025-12-19 16:30:23.590 [info] Got 0 sessions for ...
2025-12-19 16:30:23.590 [info] Getting sessions for all scopes...
2025-12-19 16:30:23.590 [info] Got 0 sessions for ...
2025-12-19 16:30:23.590 [info] Getting sessions for all scopes...
2025-12-19 16:30:23.590 [info] Got 0 sessions for ...
2025-12-19 16:30:23.596 [info] Getting sessions for all scopes...
2025-12-19 16:30:23.596 [info] Got 0 sessions for ...
2025-12-19 16:30:23.963 [info] Getting sessions for user:email...
2025-12-19 16:30:23.963 [info] Got 0 sessions for user:email...
2025-12-19 16:30:23.964 [info] Getting sessions for read:user,repo,user:email,workflow...
2025-12-19 16:30:23.964 [info] Got 0 sessions for read:user,repo,user:email,workflow...
2025-12-19 16:30:32.930 [info] Getting sessions for all scopes...
2025-12-19 16:30:32.930 [info] Got 0 sessions for ...
2025-12-19 16:30:32.931 [info] Getting sessions for user:email...
2025-12-19 16:30:32.931 [info] Got 0 sessions for user:email...
2025-12-19 16:30:32.938 [info] Getting sessions for all scopes...
2025-12-19 16:30:32.938 [info] Got 0 sessions for ...
2025-12-19 16:30:32.938 [info] Getting sessions for all scopes...
2025-12-19 16:30:32.938 [info] Got 0 sessions for ...
2025-12-19 16:30:32.940 [info] Getting sessions for user:email...
2025-12-19 16:30:32.940 [info] Got 0 sessions for user:email...
2025-12-19 16:30:32.940 [info] Getting sessions for read:user,repo,user:email,workflow...
2025-12-19 16:30:32.940 [info] Got 0 sessions for read:user,repo,user:email,workflow...
2025-12-19 16:30:32.943 [info] Getting sessions for all scopes...
2025-12-19 16:30:32.944 [info] Got 0 sessions for ...
2025-12-19 16:30:32.945 [info] Getting sessions for all scopes...
2025-12-19 16:30:32.945 [info] Got 0 sessions for ...
