2025-12-27 19:23:47.923 [info] [aebc6443-996d-45c2-90f0-388ff96faa56] Native Broker enabled: false
2025-12-27 19:23:47.944 [info] [getSessions] [all] starting
2025-12-27 19:23:47.944 [info] [getSessions] [all] returned 0 session(s)
2025-12-27 19:23:47.944 [info] [getSessions] [all] starting
2025-12-27 19:23:47.944 [info] [getSessions] [all] returned 0 session(s)
2025-12-27 19:23:47.944 [info] [getSessions] [all] starting
2025-12-27 19:23:47.944 [info] [getSessions] [all] returned 0 session(s)
2025-12-27 19:23:47.948 [info] [getSessions] [499b84ac-1321-427f-aa17-267ca6975798/.default offline_access] starting
2025-12-27 19:23:47.948 [info] [aebc6443-996d-45c2-90f0-388ff96faa56] Native Broker enabled: false
2025-12-27 19:23:47.957 [info] [getSessions] [499b84ac-1321-427f-aa17-267ca6975798/.default offline_access] returned 0 session(s)
2025-12-27 19:23:59.439 [info] Microsoft Authentication is deactivating...
2025-12-27 19:24:01.550 [info] [aebc6443-996d-45c2-90f0-388ff96faa56] Native Broker enabled: false
2025-12-27 19:24:01.615 [info] [getSessions] [all] starting
2025-12-27 19:24:01.615 [info] [getSessions] [all] returned 0 session(s)
2025-12-27 19:24:01.615 [info] [getSessions] [all] starting
2025-12-27 19:24:01.615 [info] [getSessions] [all] returned 0 session(s)
2025-12-27 19:24:01.615 [info] [getSessions] [all] starting
2025-12-27 19:24:01.615 [info] [getSessions] [all] returned 0 session(s)
2025-12-27 19:24:11.463 [info] [getSessions] [499b84ac-1321-427f-aa17-267ca6975798/.default offline_access] starting
2025-12-27 19:24:11.463 [info] [aebc6443-996d-45c2-90f0-388ff96faa56] Native Broker enabled: false
2025-12-27 19:24:11.486 [info] [getSessions] [499b84ac-1321-427f-aa17-267ca6975798/.default offline_access] returned 0 session(s)
2025-12-27 19:24:11.881 [info] [getSessions] [499b84ac-1321-427f-aa17-267ca6975798/.default offline_access] starting
2025-12-27 19:24:11.881 [info] [getSessions] [499b84ac-1321-427f-aa17-267ca6975798/.default offline_access] returned 0 session(s)
2025-12-27 19:25:17.328 [info] [getSessions] [all] starting
2025-12-27 19:25:17.328 [info] [getSessions] [all] returned 0 session(s)
2025-12-27 19:26:30.256 [info] Microsoft Authentication is deactivating...
