2025-12-19 17:06:34.345 [info] Reading sessions from keychain...
2025-12-19 17:06:34.345 [info] Getting sessions for all scopes...
2025-12-19 17:06:34.405 [info] Got 0 sessions for ...
2025-12-19 17:06:34.405 [info] Getting sessions for all scopes...
2025-12-19 17:06:34.405 [info] Got 0 sessions for ...
2025-12-19 17:06:34.405 [info] Getting sessions for all scopes...
2025-12-19 17:06:34.405 [info] Got 0 sessions for ...
2025-12-19 17:06:34.405 [info] Getting sessions for all scopes...
2025-12-19 17:06:34.405 [info] Got 0 sessions for ...
2025-12-19 17:06:34.406 [info] Getting sessions for all scopes...
2025-12-19 17:06:34.406 [info] Got 0 sessions for ...
2025-12-19 17:06:34.406 [info] Getting sessions for all scopes...
2025-12-19 17:06:34.406 [info] Got 0 sessions for ...
2025-12-19 17:06:34.406 [info] Getting sessions for all scopes...
2025-12-19 17:06:34.406 [info] Got 0 sessions for ...
2025-12-19 17:06:34.406 [info] Getting sessions for all scopes...
2025-12-19 17:06:34.406 [info] Got 0 sessions for ...
2025-12-19 17:06:34.406 [info] Getting sessions for all scopes...
2025-12-19 17:06:34.406 [info] Got 0 sessions for ...
2025-12-19 17:06:34.406 [info] Getting sessions for all scopes...
2025-12-19 17:06:34.406 [info] Got 0 sessions for ...
2025-12-19 17:06:34.407 [info] Getting sessions for all scopes...
2025-12-19 17:06:34.407 [info] Got 0 sessions for ...
2025-12-19 17:06:34.408 [info] Getting sessions for all scopes...
2025-12-19 17:06:34.408 [info] Got 0 sessions for ...
2025-12-19 17:06:34.408 [info] Getting sessions for all scopes...
2025-12-19 17:06:34.408 [info] Got 0 sessions for ...
2025-12-19 17:06:34.408 [info] Getting sessions for all scopes...
2025-12-19 17:06:34.408 [info] Got 0 sessions for ...
2025-12-19 17:06:34.409 [info] Getting sessions for all scopes...
2025-12-19 17:06:34.409 [info] Got 0 sessions for ...
2025-12-19 17:06:34.409 [info] Getting sessions for all scopes...
2025-12-19 17:06:34.409 [info] Got 0 sessions for ...
2025-12-19 17:06:36.269 [info] Getting sessions for all scopes...
2025-12-19 17:06:36.269 [info] Got 0 sessions for ...
2025-12-19 17:06:47.997 [info] Reading sessions from keychain...
2025-12-19 17:06:47.997 [info] Getting sessions for all scopes...
2025-12-19 17:06:47.997 [info] Got 0 sessions for ...
2025-12-19 17:06:47.997 [info] Getting sessions for all scopes...
2025-12-19 17:06:47.997 [info] Got 0 sessions for ...
2025-12-19 17:06:47.997 [info] Getting sessions for all scopes...
2025-12-19 17:06:47.997 [info] Got 0 sessions for ...
2025-12-19 17:06:47.997 [info] Getting sessions for all scopes...
2025-12-19 17:06:47.997 [info] Got 0 sessions for ...
2025-12-19 17:06:47.997 [info] Getting sessions for all scopes...
2025-12-19 17:06:47.998 [info] Got 0 sessions for ...
2025-12-19 17:08:49.476 [info] Getting sessions for all scopes...
2025-12-19 17:08:49.476 [info] Got 0 sessions for ...
2025-12-19 17:08:49.477 [info] Getting sessions for all scopes...
2025-12-19 17:08:49.477 [info] Got 0 sessions for ...
2025-12-19 17:08:49.616 [info] Getting sessions for user:email...
2025-12-19 17:08:49.616 [info] Got 0 sessions for user:email...
2025-12-19 17:08:49.617 [info] Getting sessions for read:user,repo,user:email,workflow...
2025-12-19 17:08:49.617 [info] Got 0 sessions for read:user,repo,user:email,workflow...
2025-12-19 17:08:49.635 [info] Getting sessions for all scopes...
2025-12-19 17:08:49.636 [info] Got 0 sessions for ...
2025-12-19 17:08:49.637 [info] Getting sessions for user:email...
2025-12-19 17:08:49.637 [info] Got 0 sessions for user:email...
2025-12-19 17:08:50.051 [info] Getting sessions for all scopes...
2025-12-19 17:08:50.051 [info] Got 0 sessions for ...
2025-12-19 17:08:50.052 [info] Getting sessions for all scopes...
2025-12-19 17:08:50.052 [info] Got 0 sessions for ...
2025-12-19 17:08:50.052 [info] Getting sessions for all scopes...
2025-12-19 17:08:50.052 [info] Got 0 sessions for ...
2025-12-19 17:08:50.056 [info] Getting sessions for user:email...
2025-12-19 17:08:50.056 [info] Got 0 sessions for user:email...
2025-12-19 17:08:50.056 [info] Getting sessions for read:user,repo,user:email,workflow...
2025-12-19 17:08:50.056 [info] Got 0 sessions for read:user,repo,user:email,workflow...
2025-12-19 17:08:57.940 [info] Getting sessions for all scopes...
2025-12-19 17:08:57.940 [info] Got 0 sessions for ...
2025-12-19 17:08:57.940 [info] Getting sessions for user:email...
2025-12-19 17:08:57.940 [info] Got 0 sessions for user:email...
2025-12-19 17:08:57.946 [info] Getting sessions for all scopes...
2025-12-19 17:08:57.946 [info] Got 0 sessions for ...
2025-12-19 17:08:57.948 [info] Getting sessions for all scopes...
2025-12-19 17:08:57.948 [info] Got 0 sessions for ...
2025-12-19 17:08:58.163 [info] Getting sessions for all scopes...
2025-12-19 17:08:58.163 [info] Got 0 sessions for ...
2025-12-19 17:08:58.164 [info] Getting sessions for user:email...
2025-12-19 17:08:58.164 [info] Got 0 sessions for user:email...
2025-12-19 17:09:03.163 [info] Getting sessions for all scopes...
2025-12-19 17:09:03.163 [info] Got 0 sessions for ...
2025-12-19 17:09:03.164 [info] Getting sessions for user:email...
2025-12-19 17:09:03.164 [info] Got 0 sessions for user:email...
