2025-12-27 19:23:44.137 [info] Reading sessions from keychain...
2025-12-27 19:23:44.137 [info] Getting sessions for all scopes...
2025-12-27 19:23:44.138 [info] Got 0 sessions for ...
2025-12-27 19:23:44.138 [info] Getting sessions for all scopes...
2025-12-27 19:23:44.138 [info] Got 0 sessions for ...
2025-12-27 19:23:44.138 [info] Getting sessions for all scopes...
2025-12-27 19:23:44.138 [info] Got 0 sessions for ...
2025-12-27 19:23:44.138 [info] Getting sessions for all scopes...
2025-12-27 19:23:44.138 [info] Got 0 sessions for ...
2025-12-27 19:23:44.138 [info] Getting sessions for all scopes...
2025-12-27 19:23:44.138 [info] Got 0 sessions for ...
2025-12-27 19:23:44.138 [info] Getting sessions for all scopes...
2025-12-27 19:23:44.138 [info] Got 0 sessions for ...
2025-12-27 19:23:44.138 [info] Getting sessions for all scopes...
2025-12-27 19:23:44.138 [info] Got 0 sessions for ...
2025-12-27 19:23:44.139 [info] Getting sessions for all scopes...
2025-12-27 19:23:44.139 [info] Got 0 sessions for ...
2025-12-27 19:23:44.139 [info] Getting sessions for all scopes...
2025-12-27 19:23:44.139 [info] Got 0 sessions for ...
2025-12-27 19:23:44.142 [info] Getting sessions for all scopes...
2025-12-27 19:23:44.142 [info] Got 0 sessions for ...
2025-12-27 19:23:44.143 [info] Getting sessions for all scopes...
2025-12-27 19:23:44.143 [info] Got 0 sessions for ...
2025-12-27 19:23:44.143 [info] Getting sessions for all scopes...
2025-12-27 19:23:44.143 [info] Got 0 sessions for ...
2025-12-27 19:23:44.143 [info] Getting sessions for all scopes...
2025-12-27 19:23:44.143 [info] Got 0 sessions for ...
2025-12-27 19:23:44.143 [info] Getting sessions for all scopes...
2025-12-27 19:23:44.143 [info] Got 0 sessions for ...
2025-12-27 19:23:44.143 [info] Getting sessions for all scopes...
2025-12-27 19:23:44.143 [info] Got 0 sessions for ...
2025-12-27 19:23:45.952 [info] Getting sessions for all scopes...
2025-12-27 19:23:45.952 [info] Got 0 sessions for ...
2025-12-27 19:23:47.697 [info] Getting sessions for all scopes...
2025-12-27 19:23:47.697 [info] Got 0 sessions for ...
2025-12-27 19:23:47.697 [info] Getting sessions for all scopes...
2025-12-27 19:23:47.697 [info] Got 0 sessions for ...
2025-12-27 19:23:47.881 [info] Getting sessions for user:email...
2025-12-27 19:23:47.881 [info] Got 0 sessions for user:email...
2025-12-27 19:23:47.882 [info] Getting sessions for read:user,repo,user:email,workflow...
2025-12-27 19:23:47.882 [info] Got 0 sessions for read:user,repo,user:email,workflow...
2025-12-27 19:23:47.958 [info] Getting sessions for all scopes...
2025-12-27 19:23:47.958 [info] Got 0 sessions for ...
2025-12-27 19:23:47.958 [info] Getting sessions for user:email...
2025-12-27 19:23:47.958 [info] Got 0 sessions for user:email...
2025-12-27 19:23:48.100 [info] Getting sessions for read:user,repo,user:email,workflow...
2025-12-27 19:23:48.100 [info] Got 0 sessions for read:user,repo,user:email,workflow...
2025-12-27 19:23:48.311 [info] Getting sessions for all scopes...
2025-12-27 19:23:48.311 [info] Got 0 sessions for ...
2025-12-27 19:23:48.311 [info] Getting sessions for all scopes...
2025-12-27 19:23:48.311 [info] Got 0 sessions for ...
2025-12-27 19:23:48.312 [info] Getting sessions for all scopes...
2025-12-27 19:23:48.312 [info] Got 0 sessions for ...
2025-12-27 19:23:48.312 [info] Getting sessions for all scopes...
2025-12-27 19:23:48.312 [info] Got 0 sessions for ...
2025-12-27 19:23:48.315 [info] Getting sessions for user:email...
2025-12-27 19:23:48.315 [info] Got 0 sessions for user:email...
2025-12-27 19:23:48.316 [info] Getting sessions for read:user,repo,user:email,workflow...
2025-12-27 19:23:48.316 [info] Got 0 sessions for read:user,repo,user:email,workflow...
2025-12-27 19:23:48.316 [info] Getting sessions for read:user,repo,user:email,workflow...
2025-12-27 19:23:48.316 [info] Got 0 sessions for read:user,repo,user:email,workflow...
2025-12-27 19:23:54.471 [info] Logging in with 'any' account...
2025-12-27 19:23:54.471 [info] Logging in for the following scopes: read:user repo user:email workflow
2025-12-27 19:23:54.485 [info] Trying with local server... (read:user repo user:email workflow)
2025-12-27 19:24:01.501 [info] Reading sessions from keychain...
2025-12-27 19:24:01.501 [info] Getting sessions for all scopes...
2025-12-27 19:24:01.501 [info] Got 0 sessions for ...
2025-12-27 19:24:01.501 [info] Getting sessions for all scopes...
2025-12-27 19:24:01.501 [info] Got 0 sessions for ...
2025-12-27 19:24:01.501 [info] Getting sessions for all scopes...
2025-12-27 19:24:01.501 [info] Got 0 sessions for ...
2025-12-27 19:24:01.501 [info] Getting sessions for all scopes...
2025-12-27 19:24:01.501 [info] Got 0 sessions for ...
2025-12-27 19:24:01.501 [info] Getting sessions for all scopes...
2025-12-27 19:24:01.501 [info] Got 0 sessions for ...
2025-12-27 19:24:01.501 [info] Getting sessions for all scopes...
2025-12-27 19:24:01.501 [info] Got 0 sessions for ...
2025-12-27 19:24:01.501 [info] Getting sessions for all scopes...
2025-12-27 19:24:01.501 [info] Got 0 sessions for ...
2025-12-27 19:24:01.551 [info] Getting sessions for user:email...
2025-12-27 19:24:01.552 [info] Got 0 sessions for user:email...
2025-12-27 19:24:01.552 [info] Getting sessions for read:user,repo,user:email,workflow...
2025-12-27 19:24:01.552 [info] Got 0 sessions for read:user,repo,user:email,workflow...
2025-12-27 19:24:01.616 [info] Getting sessions for all scopes...
2025-12-27 19:24:01.616 [info] Got 0 sessions for ...
2025-12-27 19:24:01.649 [info] Getting sessions for user:email...
2025-12-27 19:24:01.649 [info] Got 0 sessions for user:email...
2025-12-27 19:24:02.059 [info] Getting sessions for all scopes...
2025-12-27 19:24:02.059 [info] Got 0 sessions for ...
2025-12-27 19:24:02.059 [info] Getting sessions for all scopes...
2025-12-27 19:24:02.059 [info] Got 0 sessions for ...
2025-12-27 19:24:02.059 [info] Getting sessions for all scopes...
2025-12-27 19:24:02.059 [info] Got 0 sessions for ...
2025-12-27 19:24:02.059 [info] Getting sessions for all scopes...
2025-12-27 19:24:02.059 [info] Got 0 sessions for ...
2025-12-27 19:24:02.088 [info] Getting sessions for user:email...
2025-12-27 19:24:02.088 [info] Got 0 sessions for user:email...
2025-12-27 19:24:02.088 [info] Getting sessions for read:user,repo,user:email,workflow...
2025-12-27 19:24:02.088 [info] Got 0 sessions for read:user,repo,user:email,workflow...
2025-12-27 19:24:02.088 [info] Getting sessions for read:user,repo,user:email,workflow...
2025-12-27 19:24:02.088 [info] Got 0 sessions for read:user,repo,user:email,workflow...
2025-12-27 19:24:02.506 [info] Getting sessions for read:user,repo,user:email,workflow...
2025-12-27 19:24:02.506 [info] Got 0 sessions for read:user,repo,user:email,workflow...
2025-12-27 19:24:07.082 [info] Logging in with 'any' account...
2025-12-27 19:24:07.082 [info] Logging in for the following scopes: read:user repo user:email workflow
2025-12-27 19:24:07.097 [info] Trying with local server... (read:user repo user:email workflow)
2025-12-27 19:24:10.671 [info] Exchanging code for token...
2025-12-27 19:24:11.055 [info] Token exchange success!
2025-12-27 19:24:11.056 [info] Getting user info...
2025-12-27 19:24:11.453 [info] Got account info!
2025-12-27 19:24:11.454 [info] Storing 1 sessions...
2025-12-27 19:24:11.455 [info] Reading sessions from keychain...
2025-12-27 19:24:11.455 [info] Stored 1 sessions!
2025-12-27 19:24:11.456 [info] Login success!
2025-12-27 19:24:11.456 [info] Getting sessions for all scopes...
2025-12-27 19:24:11.457 [info] Got stored sessions!
2025-12-27 19:24:11.457 [info] Got 1 verified sessions.
2025-12-27 19:24:11.457 [info] Got 1 sessions for ...
2025-12-27 19:24:11.457 [info] Getting sessions for all scopes...
2025-12-27 19:24:11.458 [info] Got 1 sessions for ...
2025-12-27 19:24:11.458 [info] Getting sessions for all scopes...
2025-12-27 19:24:11.458 [info] Got 1 sessions for ...
2025-12-27 19:24:11.458 [info] Getting sessions for all scopes...
2025-12-27 19:24:11.458 [info] Got 1 sessions for ...
2025-12-27 19:24:11.460 [info] Getting sessions for all scopes...
2025-12-27 19:24:11.460 [info] Got 1 sessions for ...
2025-12-27 19:24:11.461 [info] Getting sessions for all scopes...
2025-12-27 19:24:11.461 [info] Got 1 sessions for ...
2025-12-27 19:24:11.462 [info] Getting sessions for all scopes...
2025-12-27 19:24:11.462 [info] Got 1 sessions for ...
2025-12-27 19:24:11.462 [info] Getting sessions for all scopes...
2025-12-27 19:24:11.462 [info] Got 1 sessions for ...
2025-12-27 19:24:11.463 [info] Getting sessions for read:user,repo,user:email,workflow...
2025-12-27 19:24:11.463 [info] Got 1 sessions for read:user,repo,user:email,workflow...
2025-12-27 19:24:11.485 [info] Getting sessions for read:user,repo,user:email,workflow...
2025-12-27 19:24:11.485 [info] Got 1 sessions for read:user,repo,user:email,workflow...
2025-12-27 19:24:11.518 [info] Getting sessions for all scopes...
2025-12-27 19:24:11.518 [info] Got 1 sessions for ...
2025-12-27 19:24:11.519 [info] Getting sessions for read:user,repo,user:email,workflow...
2025-12-27 19:24:11.519 [info] Got 1 sessions for read:user,repo,user:email,workflow...
2025-12-27 19:24:11.881 [info] Getting sessions for all scopes...
2025-12-27 19:24:11.881 [info] Got 1 sessions for ...
2025-12-27 19:24:11.881 [info] Getting sessions for all scopes...
2025-12-27 19:24:11.881 [info] Got 1 sessions for ...
2025-12-27 19:24:11.963 [info] Getting sessions for read:user,repo,user:email,workflow...
2025-12-27 19:24:11.963 [info] Got 1 sessions for read:user,repo,user:email,workflow...
2025-12-27 19:24:12.059 [info] FetcherService: Electron fetch failed with status: 429 
2025-12-27 19:24:12.078 [info] Getting sessions for all scopes...
2025-12-27 19:24:12.078 [info] Got 1 sessions for ...
2025-12-27 19:24:12.089 [info] Getting sessions for all scopes...
2025-12-27 19:24:12.089 [info] Got 1 sessions for ...
2025-12-27 19:24:12.089 [info] Getting sessions for all scopes...
2025-12-27 19:24:12.089 [info] Got 1 sessions for ...
2025-12-27 19:24:12.092 [info] Getting sessions for all scopes...
2025-12-27 19:24:12.092 [info] Got 1 sessions for ...
2025-12-27 19:24:12.110 [info] Getting sessions for read:user,repo,user:email,workflow...
2025-12-27 19:24:12.110 [info] Got 1 sessions for read:user,repo,user:email,workflow...
2025-12-27 19:24:12.558 [info] FetcherService: Node fetch failed with status: 429 Too Many Requests
2025-12-27 19:24:12.936 [info] Getting sessions for all scopes...
2025-12-27 19:24:12.936 [info] Got 1 sessions for ...
2025-12-27 19:24:12.938 [info] Getting sessions for read:user,repo,user:email,workflow...
2025-12-27 19:24:12.938 [info] Got 1 sessions for read:user,repo,user:email,workflow...
2025-12-27 19:24:15.024 [info] FetcherService: Node http/s failed with status: 429 Too Many Requests
2025-12-27 19:24:35.561 [info] Getting sessions for all scopes...
2025-12-27 19:24:35.561 [info] Got 1 sessions for ...
2025-12-27 19:24:35.562 [info] Getting sessions for all scopes...
2025-12-27 19:24:35.563 [info] Got 1 sessions for ...
