2026-01-01 11:42:14.764 [info] [main] Log level: Info
2026-01-01 11:42:14.764 [info] [main] Validating found git in: "git"
2026-01-01 11:42:14.764 [info] [main] Using git "2.52.0" from "git"
2026-01-01 11:42:14.764 [info] [Model][doInitialScan] Initial repository scan started
2026-01-01 11:42:14.764 [info] > git rev-parse --show-toplevel [7ms]
2026-01-01 11:42:14.764 [info] fatal: not a git repository (or any parent up to mount point /)
Stopping at filesystem boundary (GIT_DISCOVERY_ACROSS_FILESYSTEM not set).
2026-01-01 11:42:14.764 [info] [Model][doInitialScan] Initial repository scan completed - repositories (0), closed repositories (0), parent repositories (0), unsafe repositories (0)
2026-01-01 11:42:14.977 [info] > git rev-parse --show-toplevel [1ms]
2026-01-01 11:42:14.977 [info] fatal: not a git repository (or any parent up to mount point /)
Stopping at filesystem boundary (GIT_DISCOVERY_ACROSS_FILESYSTEM not set).
2026-01-01 11:42:15.588 [info] > git rev-parse --show-toplevel [219ms]
2026-01-01 11:42:15.588 [info] fatal: not a git repository (or any parent up to mount point /)
Stopping at filesystem boundary (GIT_DISCOVERY_ACROSS_FILESYSTEM not set).
2026-01-01 11:42:15.642 [info] > git rev-parse --show-toplevel [12ms]
2026-01-01 11:42:15.642 [info] fatal: not a git repository (or any parent up to mount point /)
Stopping at filesystem boundary (GIT_DISCOVERY_ACROSS_FILESYSTEM not set).
2026-01-01 11:42:16.218 [info] > git rev-parse --show-toplevel [1ms]
2026-01-01 11:42:16.218 [info] fatal: not a git repository (or any parent up to mount point /)
Stopping at filesystem boundary (GIT_DISCOVERY_ACROSS_FILESYSTEM not set).
