2025-12-19 17:04:03.423 [info] [aebc6443-996d-45c2-90f0-388ff96faa56] Native Broker enabled: false
2025-12-19 17:04:03.423 [info] [getSessions] [all] starting
2025-12-19 17:04:03.423 [info] [getSessions] [all] returned 0 session(s)
2025-12-19 17:04:03.423 [info] [getSessions] [all] starting
2025-12-19 17:04:03.423 [info] [getSessions] [all] returned 0 session(s)
2025-12-19 17:04:03.423 [info] [getSessions] [all] starting
2025-12-19 17:04:03.423 [info] [getSessions] [all] returned 0 session(s)
2025-12-19 17:04:03.423 [info] [getSessions] [499b84ac-1321-427f-aa17-267ca6975798/.default offline_access] starting
2025-12-19 17:04:03.423 [info] [aebc6443-996d-45c2-90f0-388ff96faa56] Native Broker enabled: false
2025-12-19 17:04:03.423 [info] [getSessions] [499b84ac-1321-427f-aa17-267ca6975798/.default offline_access] returned 0 session(s)
2025-12-19 17:04:03.972 [info] [getSessions] [all] starting
2025-12-19 17:04:03.972 [info] [getSessions] [all] returned 0 session(s)
2025-12-19 17:04:05.916 [info] Microsoft Authentication is deactivating...
2025-12-19 17:04:07.919 [info] [aebc6443-996d-45c2-90f0-388ff96faa56] Native Broker enabled: false
2025-12-19 17:04:07.976 [info] [getSessions] [all] starting
2025-12-19 17:04:07.976 [info] [getSessions] [all] returned 0 session(s)
2025-12-19 17:04:07.976 [info] [getSessions] [all] starting
2025-12-19 17:04:07.976 [info] [getSessions] [all] returned 0 session(s)
2025-12-19 17:04:07.976 [info] [getSessions] [all] starting
2025-12-19 17:04:07.976 [info] [getSessions] [all] returned 0 session(s)
2025-12-19 17:04:30.633 [info] Microsoft Authentication is deactivating...
