2025-12-19 16:30:55.334 [info] Reading sessions from keychain...
2025-12-19 16:30:55.334 [info] Getting sessions for all scopes...
2025-12-19 16:30:55.334 [info] Got 0 sessions for ...
2025-12-19 16:30:55.334 [info] Getting sessions for all scopes...
2025-12-19 16:30:55.334 [info] Got 0 sessions for ...
2025-12-19 16:30:55.334 [info] Getting sessions for all scopes...
2025-12-19 16:30:55.334 [info] Got 0 sessions for ...
2025-12-19 16:30:55.334 [info] Getting sessions for all scopes...
2025-12-19 16:30:55.334 [info] Got 0 sessions for ...
2025-12-19 16:30:55.334 [info] Getting sessions for all scopes...
2025-12-19 16:30:55.334 [info] Got 0 sessions for ...
2025-12-19 16:30:55.334 [info] Getting sessions for all scopes...
2025-12-19 16:30:55.334 [info] Got 0 sessions for ...
2025-12-19 16:30:55.334 [info] Getting sessions for all scopes...
2025-12-19 16:30:55.334 [info] Got 0 sessions for ...
2025-12-19 16:30:55.334 [info] Getting sessions for all scopes...
2025-12-19 16:30:55.334 [info] Got 0 sessions for ...
2025-12-19 16:30:55.334 [info] Getting sessions for all scopes...
2025-12-19 16:30:55.334 [info] Got 0 sessions for ...
2025-12-19 16:30:55.334 [info] Getting sessions for all scopes...
2025-12-19 16:30:55.334 [info] Got 0 sessions for ...
2025-12-19 16:30:55.334 [info] Getting sessions for all scopes...
2025-12-19 16:30:55.334 [info] Got 0 sessions for ...
2025-12-19 16:30:55.334 [info] Getting sessions for all scopes...
2025-12-19 16:30:55.334 [info] Got 0 sessions for ...
2025-12-19 16:30:55.334 [info] Getting sessions for all scopes...
2025-12-19 16:30:55.334 [info] Got 0 sessions for ...
2025-12-19 16:30:55.334 [info] Getting sessions for all scopes...
2025-12-19 16:30:55.334 [info] Got 0 sessions for ...
2025-12-19 16:30:55.334 [info] Getting sessions for all scopes...
2025-12-19 16:30:55.334 [info] Got 0 sessions for ...
2025-12-19 16:30:55.334 [info] Getting sessions for all scopes...
2025-12-19 16:30:55.334 [info] Got 0 sessions for ...
2025-12-19 16:30:55.334 [info] Getting sessions for all scopes...
2025-12-19 16:30:55.334 [info] Got 0 sessions for ...
2025-12-19 16:30:55.334 [info] Getting sessions for all scopes...
2025-12-19 16:30:55.334 [info] Got 0 sessions for ...
2025-12-19 16:30:55.334 [info] Getting sessions for all scopes...
2025-12-19 16:30:55.334 [info] Got 0 sessions for ...
2025-12-19 16:30:55.378 [info] Getting sessions for user:email...
2025-12-19 16:30:55.378 [info] Got 0 sessions for user:email...
2025-12-19 16:30:55.379 [info] Getting sessions for read:user,repo,user:email,workflow...
2025-12-19 16:30:55.379 [info] Got 0 sessions for read:user,repo,user:email,workflow...
2025-12-19 16:30:55.717 [info] Getting sessions for all scopes...
2025-12-19 16:30:55.717 [info] Got 0 sessions for ...
2025-12-19 16:30:55.717 [info] Getting sessions for all scopes...
2025-12-19 16:30:55.717 [info] Got 0 sessions for ...
2025-12-19 16:30:55.717 [info] Getting sessions for all scopes...
2025-12-19 16:30:55.717 [info] Got 0 sessions for ...
2025-12-19 16:30:55.731 [info] Getting sessions for user:email...
2025-12-19 16:30:55.731 [info] Got 0 sessions for user:email...
2025-12-19 16:30:55.732 [info] Getting sessions for read:user,repo,user:email,workflow...
2025-12-19 16:30:55.732 [info] Got 0 sessions for read:user,repo,user:email,workflow...
2025-12-19 16:31:09.064 [info] Getting sessions for all scopes...
2025-12-19 16:31:09.064 [info] Got 0 sessions for ...
2025-12-19 16:31:09.065 [info] Getting sessions for user:email...
2025-12-19 16:31:09.065 [info] Got 0 sessions for user:email...
2025-12-19 16:31:09.072 [info] Getting sessions for all scopes...
2025-12-19 16:31:09.072 [info] Got 0 sessions for ...
2025-12-19 16:31:09.072 [info] Getting sessions for all scopes...
2025-12-19 16:31:09.072 [info] Got 0 sessions for ...
2025-12-19 16:31:09.075 [info] Getting sessions for user:email...
2025-12-19 16:31:09.075 [info] Got 0 sessions for user:email...
2025-12-19 16:31:09.075 [info] Getting sessions for read:user,repo,user:email,workflow...
2025-12-19 16:31:09.075 [info] Got 0 sessions for read:user,repo,user:email,workflow...
2025-12-19 16:31:09.080 [info] Getting sessions for all scopes...
2025-12-19 16:31:09.080 [info] Got 0 sessions for ...
2025-12-19 16:31:09.082 [info] Getting sessions for all scopes...
2025-12-19 16:31:09.082 [info] Got 0 sessions for ...
2025-12-19 16:32:29.609 [info] Getting sessions for all scopes...
2025-12-19 16:32:29.610 [info] Got 0 sessions for ...
2025-12-19 16:32:29.610 [info] Getting sessions for user:email...
2025-12-19 16:32:29.610 [info] Got 0 sessions for user:email...
2025-12-19 16:32:29.619 [info] Getting sessions for all scopes...
2025-12-19 16:32:29.619 [info] Got 0 sessions for ...
2025-12-19 16:32:29.623 [info] Getting sessions for all scopes...
2025-12-19 16:32:29.623 [info] Got 0 sessions for ...
2025-12-19 16:32:30.367 [info] Getting sessions for all scopes...
2025-12-19 16:32:30.367 [info] Got 0 sessions for ...
2025-12-19 16:32:30.368 [info] Getting sessions for user:email...
2025-12-19 16:32:30.368 [info] Got 0 sessions for user:email...
2025-12-19 16:32:33.627 [info] Getting sessions for all scopes...
2025-12-19 16:32:33.627 [info] Got 0 sessions for ...
2025-12-19 16:32:33.628 [info] Getting sessions for user:email...
2025-12-19 16:32:33.628 [info] Got 0 sessions for user:email...
2025-12-19 16:32:33.840 [info] Getting sessions for all scopes...
2025-12-19 16:32:33.840 [info] Got 0 sessions for ...
2025-12-19 16:32:33.841 [info] Getting sessions for user:email...
2025-12-19 16:32:33.841 [info] Got 0 sessions for user:email...
2025-12-19 16:32:35.469 [info] Getting sessions for all scopes...
2025-12-19 16:32:35.469 [info] Got 0 sessions for ...
2025-12-19 16:32:35.473 [info] Getting sessions for user:email...
2025-12-19 16:32:35.473 [info] Got 0 sessions for user:email...
2025-12-19 16:32:35.619 [info] Getting sessions for all scopes...
2025-12-19 16:32:35.619 [info] Got 0 sessions for ...
2025-12-19 16:32:35.619 [info] Getting sessions for user:email...
2025-12-19 16:32:35.619 [info] Got 0 sessions for user:email...
2025-12-19 16:32:35.754 [info] Getting sessions for all scopes...
2025-12-19 16:32:35.754 [info] Got 0 sessions for ...
2025-12-19 16:32:35.755 [info] Getting sessions for user:email...
2025-12-19 16:32:35.755 [info] Got 0 sessions for user:email...
2025-12-19 16:32:35.987 [info] Getting sessions for all scopes...
2025-12-19 16:32:35.987 [info] Got 0 sessions for ...
2025-12-19 16:32:35.988 [info] Getting sessions for user:email...
2025-12-19 16:32:35.988 [info] Got 0 sessions for user:email...
2025-12-19 16:32:36.266 [info] Getting sessions for all scopes...
2025-12-19 16:32:36.266 [info] Got 0 sessions for ...
2025-12-19 16:32:36.271 [info] Getting sessions for user:email...
2025-12-19 16:32:36.271 [info] Got 0 sessions for user:email...
2025-12-19 16:32:37.676 [info] Getting sessions for all scopes...
2025-12-19 16:32:37.676 [info] Got 0 sessions for ...
2025-12-19 16:32:37.680 [info] Getting sessions for user:email...
2025-12-19 16:32:37.680 [info] Got 0 sessions for user:email...
2025-12-19 16:32:37.692 [info] Getting sessions for all scopes...
2025-12-19 16:32:37.692 [info] Got 0 sessions for ...
2025-12-19 16:32:37.693 [info] Getting sessions for user:email...
2025-12-19 16:32:37.693 [info] Got 0 sessions for user:email...
2025-12-19 16:32:38.589 [info] Getting sessions for all scopes...
2025-12-19 16:32:38.589 [info] Got 0 sessions for ...
2025-12-19 16:32:38.590 [info] Getting sessions for user:email...
2025-12-19 16:32:38.590 [info] Got 0 sessions for user:email...
2025-12-19 16:32:39.542 [info] Getting sessions for all scopes...
2025-12-19 16:32:39.542 [info] Got 0 sessions for ...
2025-12-19 16:32:39.542 [info] Getting sessions for user:email...
2025-12-19 16:32:39.542 [info] Got 0 sessions for user:email...
2025-12-19 16:32:39.692 [info] Getting sessions for all scopes...
2025-12-19 16:32:39.692 [info] Got 0 sessions for ...
2025-12-19 16:32:39.694 [info] Getting sessions for user:email...
2025-12-19 16:32:39.694 [info] Got 0 sessions for user:email...
2025-12-19 16:32:40.304 [info] Getting sessions for all scopes...
2025-12-19 16:32:40.304 [info] Got 0 sessions for ...
2025-12-19 16:32:40.305 [info] Getting sessions for user:email...
2025-12-19 16:32:40.305 [info] Got 0 sessions for user:email...
2025-12-19 16:32:40.562 [info] Getting sessions for all scopes...
2025-12-19 16:32:40.562 [info] Got 0 sessions for ...
2025-12-19 16:32:40.562 [info] Getting sessions for user:email...
2025-12-19 16:32:40.562 [info] Got 0 sessions for user:email...
2025-12-19 16:32:40.751 [info] Getting sessions for all scopes...
2025-12-19 16:32:40.751 [info] Got 0 sessions for ...
2025-12-19 16:32:40.752 [info] Getting sessions for user:email...
2025-12-19 16:32:40.752 [info] Got 0 sessions for user:email...
2025-12-19 16:32:42.282 [info] Getting sessions for all scopes...
2025-12-19 16:32:42.282 [info] Got 0 sessions for ...
2025-12-19 16:32:42.284 [info] Getting sessions for user:email...
2025-12-19 16:32:42.284 [info] Got 0 sessions for user:email...
2025-12-19 16:32:42.786 [info] Getting sessions for all scopes...
2025-12-19 16:32:42.786 [info] Got 0 sessions for ...
2025-12-19 16:32:42.790 [info] Getting sessions for user:email...
2025-12-19 16:32:42.790 [info] Got 0 sessions for user:email...
2025-12-19 16:32:43.253 [info] Getting sessions for all scopes...
2025-12-19 16:32:43.253 [info] Got 0 sessions for ...
2025-12-19 16:32:43.256 [info] Getting sessions for user:email...
2025-12-19 16:32:43.256 [info] Got 0 sessions for user:email...
2025-12-19 16:32:43.443 [info] Getting sessions for all scopes...
2025-12-19 16:32:43.443 [info] Got 0 sessions for ...
2025-12-19 16:32:43.444 [info] Getting sessions for user:email...
2025-12-19 16:32:43.444 [info] Got 0 sessions for user:email...
2025-12-19 16:32:43.653 [info] Getting sessions for all scopes...
2025-12-19 16:32:43.653 [info] Got 0 sessions for ...
2025-12-19 16:32:43.654 [info] Getting sessions for user:email...
2025-12-19 16:32:43.654 [info] Got 0 sessions for user:email...
2025-12-19 16:32:43.796 [info] Getting sessions for all scopes...
2025-12-19 16:32:43.796 [info] Got 0 sessions for ...
2025-12-19 16:32:43.797 [info] Getting sessions for user:email...
2025-12-19 16:32:43.797 [info] Got 0 sessions for user:email...
2025-12-19 16:32:44.155 [info] Getting sessions for all scopes...
2025-12-19 16:32:44.155 [info] Got 0 sessions for ...
2025-12-19 16:32:44.159 [info] Getting sessions for user:email...
2025-12-19 16:32:44.159 [info] Got 0 sessions for user:email...
2025-12-19 16:32:44.332 [info] Getting sessions for all scopes...
2025-12-19 16:32:44.332 [info] Got 0 sessions for ...
2025-12-19 16:32:44.333 [info] Getting sessions for user:email...
2025-12-19 16:32:44.333 [info] Got 0 sessions for user:email...
2025-12-19 16:32:44.597 [info] Getting sessions for all scopes...
2025-12-19 16:32:44.597 [info] Got 0 sessions for ...
2025-12-19 16:32:44.597 [info] Getting sessions for user:email...
2025-12-19 16:32:44.597 [info] Got 0 sessions for user:email...
2025-12-19 16:32:44.728 [info] Getting sessions for all scopes...
2025-12-19 16:32:44.728 [info] Got 0 sessions for ...
2025-12-19 16:32:44.729 [info] Getting sessions for user:email...
2025-12-19 16:32:44.729 [info] Got 0 sessions for user:email...
2025-12-19 16:32:45.001 [info] Getting sessions for all scopes...
2025-12-19 16:32:45.001 [info] Got 0 sessions for ...
2025-12-19 16:32:45.004 [info] Getting sessions for user:email...
2025-12-19 16:32:45.004 [info] Got 0 sessions for user:email...
2025-12-19 16:32:45.242 [info] Getting sessions for all scopes...
2025-12-19 16:32:45.242 [info] Got 0 sessions for ...
2025-12-19 16:32:45.242 [info] Getting sessions for user:email...
2025-12-19 16:32:45.242 [info] Got 0 sessions for user:email...
2025-12-19 16:32:48.110 [info] Getting sessions for all scopes...
2025-12-19 16:32:48.110 [info] Got 0 sessions for ...
2025-12-19 16:32:48.111 [info] Getting sessions for user:email...
2025-12-19 16:32:48.111 [info] Got 0 sessions for user:email...
2025-12-19 16:32:48.382 [info] Getting sessions for all scopes...
2025-12-19 16:32:48.382 [info] Got 0 sessions for ...
2025-12-19 16:32:48.383 [info] Getting sessions for user:email...
2025-12-19 16:32:48.383 [info] Got 0 sessions for user:email...
2025-12-19 16:32:48.659 [info] Getting sessions for all scopes...
2025-12-19 16:32:48.659 [info] Got 0 sessions for ...
2025-12-19 16:32:48.659 [info] Getting sessions for user:email...
2025-12-19 16:32:48.659 [info] Got 0 sessions for user:email...
2025-12-19 16:32:48.812 [info] Getting sessions for all scopes...
2025-12-19 16:32:48.812 [info] Got 0 sessions for ...
2025-12-19 16:32:48.813 [info] Getting sessions for user:email...
2025-12-19 16:32:48.813 [info] Got 0 sessions for user:email...
2025-12-19 16:32:48.914 [info] Getting sessions for all scopes...
2025-12-19 16:32:48.914 [info] Got 0 sessions for ...
2025-12-19 16:32:48.915 [info] Getting sessions for user:email...
2025-12-19 16:32:48.915 [info] Got 0 sessions for user:email...
2025-12-19 16:32:49.202 [info] Getting sessions for all scopes...
2025-12-19 16:32:49.202 [info] Got 0 sessions for ...
2025-12-19 16:32:49.203 [info] Getting sessions for user:email...
2025-12-19 16:32:49.203 [info] Got 0 sessions for user:email...
2025-12-19 16:32:54.201 [info] Getting sessions for all scopes...
2025-12-19 16:32:54.201 [info] Got 0 sessions for ...
2025-12-19 16:32:54.202 [info] Getting sessions for user:email...
2025-12-19 16:32:54.202 [info] Got 0 sessions for user:email...
2025-12-19 16:32:55.131 [info] Getting sessions for all scopes...
2025-12-19 16:32:55.131 [info] Got 0 sessions for ...
2025-12-19 16:32:55.132 [info] Getting sessions for user:email...
2025-12-19 16:32:55.132 [info] Got 0 sessions for user:email...
2025-12-19 16:32:56.394 [info] Getting sessions for all scopes...
2025-12-19 16:32:56.394 [info] Got 0 sessions for ...
2025-12-19 16:32:56.395 [info] Getting sessions for user:email...
2025-12-19 16:32:56.395 [info] Got 0 sessions for user:email...
2025-12-19 16:32:56.652 [info] Getting sessions for all scopes...
2025-12-19 16:32:56.652 [info] Got 0 sessions for ...
2025-12-19 16:32:56.653 [info] Getting sessions for user:email...
2025-12-19 16:32:56.653 [info] Got 0 sessions for user:email...
2025-12-19 16:33:01.651 [info] Getting sessions for all scopes...
2025-12-19 16:33:01.651 [info] Got 0 sessions for ...
2025-12-19 16:33:01.652 [info] Getting sessions for user:email...
2025-12-19 16:33:01.652 [info] Got 0 sessions for user:email...
