2025-12-27 19:23:47.894 [info] [main] Log level: Info
2025-12-27 19:23:47.894 [info] [main] Validating found git in: "git"
2025-12-27 19:23:47.894 [info] [main] Using git "2.52.0" from "git"
2025-12-27 19:23:47.894 [info] [Model][doInitialScan] Initial repository scan started
2025-12-27 19:23:47.894 [info] > git rev-parse --show-toplevel [152ms]
2025-12-27 19:23:47.894 [info] > git rev-parse --git-dir --git-common-dir --show-superproject-working-tree [4ms]
2025-12-27 19:23:47.894 [info] [Model][openRepository] Opened repository (path): /home/5ub4k3m1/dotfiles
2025-12-27 19:23:47.894 [info] [Model][openRepository] Opened repository (real path): /home/5ub4k3m1/dotfiles
2025-12-27 19:23:47.894 [info] [Model][openRepository] Opened repository (kind): repository
2025-12-27 19:23:47.910 [info] > git rev-parse --show-toplevel [4ms]
2025-12-27 19:23:47.913 [info] [Model][doInitialScan] Initial repository scan completed - repositories (1), closed repositories (0), parent repositories (0), unsafe repositories (0)
2025-12-27 19:23:47.914 [info] > git config --get commit.template [12ms]
2025-12-27 19:23:47.925 [info] > git for-each-ref --format=%(refname)%00%(upstream:short)%00%(objectname)%00%(upstream:track)%00%(upstream:remotename)%00%(upstream:remoteref) refs/heads/main refs/remotes/main [3ms]
2025-12-27 19:23:47.946 [info] > git for-each-ref --sort -committerdate --format %(refname)%00%(objectname)%00%(*objectname) [4ms]
2025-12-27 19:23:48.025 [info] > git status -z -uall [91ms]
2025-12-27 19:23:48.057 [info] > git for-each-ref --format=%(refname)%00%(upstream:short)%00%(objectname)%00%(upstream:track)%00%(upstream:remotename)%00%(upstream:remoteref) refs/heads/main refs/remotes/main [11ms]
2025-12-27 19:23:48.073 [info] > git config --get --local branch.main.vscode-merge-base [9ms]
2025-12-27 19:23:48.073 [warning] [Git][config] git config failed: Failed to execute git
2025-12-27 19:23:48.079 [info] > git config --get commit.template [22ms]
2025-12-27 19:23:48.085 [info] > git reflog main --grep-reflog=branch: Created from *. [6ms]
2025-12-27 19:23:48.091 [info] > git for-each-ref --format=%(refname)%00%(upstream:short)%00%(objectname)%00%(upstream:track)%00%(upstream:remotename)%00%(upstream:remoteref) refs/heads/main refs/remotes/main [7ms]
2025-12-27 19:23:48.093 [info] > git symbolic-ref --short refs/remotes/origin/HEAD [2ms]
2025-12-27 19:23:48.093 [info] fatal: ref refs/remotes/origin/HEAD is not a symbolic ref
2025-12-27 19:23:48.093 [warning] [Repository][getDefaultBranch] Failed to get default branch details: Failed to execute git.
2025-12-27 19:23:48.115 [info] > git merge-base refs/heads/main refs/remotes/origin/main [15ms]
2025-12-27 19:23:48.122 [info] > git for-each-ref --sort -committerdate --format %(refname)%00%(objectname)%00%(*objectname) [9ms]
2025-12-27 19:23:48.124 [info] > git diff --name-status -z --diff-filter=ADMR --find-renames=50% bbf9c252d1b05bb50b36b880cab95a68b5abd9d9...refs/remotes/origin/main -- [2ms]
2025-12-27 19:23:48.194 [info] > git status -z -uall [88ms]
2025-12-27 19:23:48.692 [info] > git check-ignore -v -z --stdin [204ms]
2025-12-27 19:23:52.559 [info] > git config --get commit.template [7ms]
2025-12-27 19:23:52.560 [info] > git for-each-ref --format=%(refname)%00%(upstream:short)%00%(objectname)%00%(upstream:track)%00%(upstream:remotename)%00%(upstream:remoteref) refs/heads/main refs/remotes/main [2ms]
2025-12-27 19:23:52.578 [info] > git for-each-ref --sort -committerdate --format %(refname)%00%(objectname)%00%(*objectname) [2ms]
2025-12-27 19:23:52.681 [info] > git status -z -uall [115ms]
2025-12-27 19:23:57.700 [info] > git config --get commit.template [7ms]
2025-12-27 19:23:57.702 [info] > git for-each-ref --format=%(refname)%00%(upstream:short)%00%(objectname)%00%(upstream:track)%00%(upstream:remotename)%00%(upstream:remoteref) refs/heads/main refs/remotes/main [2ms]
2025-12-27 19:23:57.720 [info] > git for-each-ref --sort -committerdate --format %(refname)%00%(objectname)%00%(*objectname) [3ms]
2025-12-27 19:23:57.816 [info] > git status -z -uall [108ms]
2025-12-27 19:24:01.607 [info] [main] Log level: Info
2025-12-27 19:24:01.607 [info] [main] Validating found git in: "git"
2025-12-27 19:24:01.607 [info] [main] Using git "2.52.0" from "git"
2025-12-27 19:24:01.607 [info] [Model][doInitialScan] Initial repository scan started
2025-12-27 19:24:01.607 [info] > git rev-parse --show-toplevel [9ms]
2025-12-27 19:24:01.618 [info] > git rev-parse --git-dir --git-common-dir --show-superproject-working-tree [5ms]
2025-12-27 19:24:01.627 [info] [Model][openRepository] Opened repository (path): /home/5ub4k3m1/dotfiles
2025-12-27 19:24:01.627 [info] [Model][openRepository] Opened repository (real path): /home/5ub4k3m1/dotfiles
2025-12-27 19:24:01.627 [info] [Model][openRepository] Opened repository (kind): repository
2025-12-27 19:24:01.646 [info] > git rev-parse --show-toplevel [4ms]
2025-12-27 19:24:01.648 [info] [Model][doInitialScan] Initial repository scan completed - repositories (1), closed repositories (0), parent repositories (0), unsafe repositories (0)
2025-12-27 19:24:01.648 [info] > git config --get commit.template [12ms]
2025-12-27 19:24:01.678 [info] > git for-each-ref --format=%(refname)%00%(upstream:short)%00%(objectname)%00%(upstream:track)%00%(upstream:remotename)%00%(upstream:remoteref) refs/heads/main refs/remotes/main [22ms]
2025-12-27 19:24:01.841 [info] > git for-each-ref --sort -committerdate --format %(refname)%00%(objectname)%00%(*objectname) [2ms]
2025-12-27 19:24:01.934 [info] > git status -z -uall [104ms]
2025-12-27 19:24:01.960 [info] > git for-each-ref --format=%(refname)%00%(upstream:short)%00%(objectname)%00%(upstream:track)%00%(upstream:remotename)%00%(upstream:remoteref) refs/heads/main refs/remotes/main [8ms]
2025-12-27 19:24:01.968 [info] > git config --get --local branch.main.vscode-merge-base [2ms]
2025-12-27 19:24:01.968 [warning] [Git][config] git config failed: Failed to execute git
2025-12-27 19:24:01.973 [info] > git config --get commit.template [14ms]
2025-12-27 19:24:02.028 [info] > git reflog main --grep-reflog=branch: Created from *. [56ms]
2025-12-27 19:24:02.041 [info] > git symbolic-ref --short refs/remotes/origin/HEAD [8ms]
2025-12-27 19:24:02.041 [info] fatal: ref refs/remotes/origin/HEAD is not a symbolic ref
2025-12-27 19:24:02.041 [warning] [Repository][getDefaultBranch] Failed to get default branch details: Failed to execute git.
2025-12-27 19:24:02.047 [info] > git for-each-ref --format=%(refname)%00%(upstream:short)%00%(objectname)%00%(upstream:track)%00%(upstream:remotename)%00%(upstream:remoteref) refs/heads/main refs/remotes/main [19ms]
2025-12-27 19:24:02.060 [info] > git merge-base refs/heads/main refs/remotes/origin/main [13ms]
2025-12-27 19:24:02.068 [info] > git diff --name-status -z --diff-filter=ADMR --find-renames=50% bbf9c252d1b05bb50b36b880cab95a68b5abd9d9...refs/remotes/origin/main -- [2ms]
2025-12-27 19:24:02.088 [info] > git for-each-ref --sort -committerdate --format %(refname)%00%(objectname)%00%(*objectname) [2ms]
2025-12-27 19:24:02.276 [info] > git status -z -uall [201ms]
2025-12-27 19:24:02.482 [info] > git check-ignore -v -z --stdin [208ms]
2025-12-27 19:24:10.420 [info] > git config --get commit.template [9ms]
2025-12-27 19:24:10.422 [info] > git for-each-ref --format=%(refname)%00%(upstream:short)%00%(objectname)%00%(upstream:track)%00%(upstream:remotename)%00%(upstream:remoteref) refs/heads/main refs/remotes/main [2ms]
2025-12-27 19:24:10.444 [info] > git for-each-ref --sort -committerdate --format %(refname)%00%(objectname)%00%(*objectname) [5ms]
2025-12-27 19:24:10.558 [info] > git status -z -uall [128ms]
2025-12-27 19:24:12.343 [info] > git config --get commit.template [2ms]
2025-12-27 19:24:12.402 [info] > git for-each-ref --format=%(refname)%00%(upstream:short)%00%(objectname)%00%(upstream:track)%00%(upstream:remotename)%00%(upstream:remoteref) refs/heads/main refs/remotes/main [32ms]
2025-12-27 19:24:12.461 [info] > git for-each-ref --sort -committerdate --format %(refname)%00%(objectname)%00%(*objectname) [13ms]
2025-12-27 19:24:12.627 [info] > git status -z -uall [195ms]
2025-12-27 19:24:13.537 [info] > git show --textconv :.gitignore [8ms]
2025-12-27 19:24:13.543 [info] > git ls-files --stage -- .gitignore [7ms]
2025-12-27 19:24:13.551 [info] > git cat-file -s b3d0892b0089cc633f44ed6b0cefc4b962f6ab3c [1ms]
2025-12-27 19:24:15.575 [info] > git config --get commit.template [5ms]
2025-12-27 19:24:15.576 [info] > git for-each-ref --format=%(refname)%00%(upstream:short)%00%(objectname)%00%(upstream:track)%00%(upstream:remotename)%00%(upstream:remoteref) refs/heads/main refs/remotes/main [1ms]
2025-12-27 19:24:15.593 [info] > git for-each-ref --sort -committerdate --format %(refname)%00%(objectname)%00%(*objectname) [5ms]
2025-12-27 19:24:15.712 [info] > git status -z -uall [130ms]
2025-12-27 19:24:16.192 [info] > git blame --root --incremental bbf9c252d1b05bb50b36b880cab95a68b5abd9d9 -- .gitignore [2ms]
2025-12-27 19:24:21.526 [info] > git config --get commit.template [9ms]
2025-12-27 19:24:21.528 [info] > git for-each-ref --format=%(refname)%00%(upstream:short)%00%(objectname)%00%(upstream:track)%00%(upstream:remotename)%00%(upstream:remoteref) refs/heads/main refs/remotes/main [2ms]
2025-12-27 19:24:21.550 [info] > git for-each-ref --sort -committerdate --format %(refname)%00%(objectname)%00%(*objectname) [3ms]
2025-12-27 19:24:21.707 [info] > git status -z -uall [171ms]
2025-12-27 19:24:30.382 [info] > git config --get commit.template [11ms]
2025-12-27 19:24:30.383 [info] > git for-each-ref --format=%(refname)%00%(upstream:short)%00%(objectname)%00%(upstream:track)%00%(upstream:remotename)%00%(upstream:remoteref) refs/heads/main refs/remotes/main [3ms]
2025-12-27 19:24:30.419 [info] > git for-each-ref --sort -committerdate --format %(refname)%00%(objectname)%00%(*objectname) [1ms]
2025-12-27 19:24:30.559 [info] > git status -z -uall [158ms]
2025-12-27 19:24:35.580 [info] > git config --get commit.template [7ms]
2025-12-27 19:24:35.581 [info] > git for-each-ref --format=%(refname)%00%(upstream:short)%00%(objectname)%00%(upstream:track)%00%(upstream:remotename)%00%(upstream:remoteref) refs/heads/main refs/remotes/main [2ms]
2025-12-27 19:24:35.598 [info] > git for-each-ref --sort -committerdate --format %(refname)%00%(objectname)%00%(*objectname) [2ms]
2025-12-27 19:24:35.758 [info] > git status -z -uall [171ms]
2025-12-27 19:24:40.776 [info] > git config --get commit.template [6ms]
2025-12-27 19:24:40.777 [info] > git for-each-ref --format=%(refname)%00%(upstream:short)%00%(objectname)%00%(upstream:track)%00%(upstream:remotename)%00%(upstream:remoteref) refs/heads/main refs/remotes/main [1ms]
2025-12-27 19:24:40.792 [info] > git for-each-ref --sort -committerdate --format %(refname)%00%(objectname)%00%(*objectname) [2ms]
2025-12-27 19:24:40.920 [info] > git status -z -uall [137ms]
2025-12-27 19:24:41.649 [info] > git check-ignore -v -z --stdin [17ms]
2025-12-27 19:24:45.940 [info] > git config --get commit.template [7ms]
2025-12-27 19:24:45.941 [info] > git for-each-ref --format=%(refname)%00%(upstream:short)%00%(objectname)%00%(upstream:track)%00%(upstream:remotename)%00%(upstream:remoteref) refs/heads/main refs/remotes/main [2ms]
2025-12-27 19:24:45.960 [info] > git for-each-ref --sort -committerdate --format %(refname)%00%(objectname)%00%(*objectname) [3ms]
2025-12-27 19:24:46.118 [info] > git status -z -uall [170ms]
2025-12-27 19:24:51.133 [info] > git config --get commit.template [2ms]
2025-12-27 19:24:51.141 [info] > git for-each-ref --format=%(refname)%00%(upstream:short)%00%(objectname)%00%(upstream:track)%00%(upstream:remotename)%00%(upstream:remoteref) refs/heads/main refs/remotes/main [2ms]
2025-12-27 19:24:51.158 [info] > git for-each-ref --sort -committerdate --format %(refname)%00%(objectname)%00%(*objectname) [2ms]
2025-12-27 19:24:51.322 [info] > git status -z -uall [175ms]
2025-12-27 19:24:59.500 [info] > git config --get commit.template [10ms]
2025-12-27 19:24:59.501 [info] > git for-each-ref --format=%(refname)%00%(upstream:short)%00%(objectname)%00%(upstream:track)%00%(upstream:remotename)%00%(upstream:remoteref) refs/heads/main refs/remotes/main [2ms]
2025-12-27 19:24:59.521 [info] > git for-each-ref --sort -committerdate --format %(refname)%00%(objectname)%00%(*objectname) [3ms]
2025-12-27 19:24:59.680 [info] > git status -z -uall [171ms]
2025-12-27 19:25:04.701 [info] > git config --get commit.template [7ms]
2025-12-27 19:25:04.702 [info] > git for-each-ref --format=%(refname)%00%(upstream:short)%00%(objectname)%00%(upstream:track)%00%(upstream:remotename)%00%(upstream:remoteref) refs/heads/main refs/remotes/main [1ms]
2025-12-27 19:25:04.720 [info] > git for-each-ref --sort -committerdate --format %(refname)%00%(objectname)%00%(*objectname) [3ms]
2025-12-27 19:25:04.883 [info] > git status -z -uall [174ms]
2025-12-27 19:25:23.786 [info] > git config --get commit.template [7ms]
2025-12-27 19:25:23.787 [info] > git for-each-ref --format=%(refname)%00%(upstream:short)%00%(objectname)%00%(upstream:track)%00%(upstream:remotename)%00%(upstream:remoteref) refs/heads/main refs/remotes/main [1ms]
2025-12-27 19:25:23.807 [info] > git for-each-ref --sort -committerdate --format %(refname)%00%(objectname)%00%(*objectname) [4ms]
2025-12-27 19:25:23.938 [info] > git status -z -uall [144ms]
2025-12-27 19:25:27.477 [info] > git check-ignore -v -z --stdin [18ms]
2025-12-27 19:25:28.953 [info] > git config --get commit.template [1ms]
2025-12-27 19:25:28.965 [info] > git for-each-ref --format=%(refname)%00%(upstream:short)%00%(objectname)%00%(upstream:track)%00%(upstream:remotename)%00%(upstream:remoteref) refs/heads/main refs/remotes/main [2ms]
2025-12-27 19:25:28.989 [info] > git for-each-ref --sort -committerdate --format %(refname)%00%(objectname)%00%(*objectname) [3ms]
2025-12-27 19:25:29.101 [info] > git status -z -uall [127ms]
2025-12-27 19:25:34.122 [info] > git config --get commit.template [9ms]
2025-12-27 19:25:34.123 [info] > git for-each-ref --format=%(refname)%00%(upstream:short)%00%(objectname)%00%(upstream:track)%00%(upstream:remotename)%00%(upstream:remoteref) refs/heads/main refs/remotes/main [2ms]
2025-12-27 19:25:34.146 [info] > git for-each-ref --sort -committerdate --format %(refname)%00%(objectname)%00%(*objectname) [2ms]
2025-12-27 19:25:34.287 [info] > git status -z -uall [155ms]
2025-12-27 19:26:28.511 [info] > git config --get commit.template [2ms]
2025-12-27 19:26:28.529 [info] > git ls-files --stage -- .gitignore [9ms]
2025-12-27 19:26:28.539 [info] > git for-each-ref --format=%(refname)%00%(upstream:short)%00%(objectname)%00%(upstream:track)%00%(upstream:remotename)%00%(upstream:remoteref) refs/heads/main refs/remotes/main [11ms]
2025-12-27 19:26:28.558 [info] > git cat-file -s 039293b9994a6ef65c88630c1862fd913f250139 [20ms]
2025-12-27 19:26:28.568 [info] > git for-each-ref --sort -committerdate --format %(refname)%00%(objectname)%00%(*objectname) [11ms]
2025-12-27 19:26:28.572 [info] > git show --textconv :.gitignore [5ms]
2025-12-27 19:26:28.680 [info] > git status -z -uall [133ms]
2025-12-27 19:26:28.706 [info] > git blame --root --incremental 1317a14f51d1db72f587a308eba168044af6856f -- .gitignore [11ms]
2025-12-27 19:26:28.712 [info] > git merge-base refs/heads/main refs/remotes/origin/main [8ms]
2025-12-27 19:26:28.722 [info] > git diff --name-status -z --diff-filter=ADMR --find-renames=50% 1317a14f51d1db72f587a308eba168044af6856f...refs/remotes/origin/main -- [1ms]
