2025-12-19 16:36:19.105 [info] Reading sessions from keychain...
2025-12-19 16:36:19.105 [info] Getting sessions for all scopes...
2025-12-19 16:36:19.105 [info] Got 0 sessions for ...
2025-12-19 16:36:19.105 [info] Getting sessions for all scopes...
2025-12-19 16:36:19.105 [info] Got 0 sessions for ...
2025-12-19 16:36:19.105 [info] Getting sessions for all scopes...
2025-12-19 16:36:19.105 [info] Got 0 sessions for ...
2025-12-19 16:36:19.105 [info] Getting sessions for all scopes...
2025-12-19 16:36:19.105 [info] Got 0 sessions for ...
2025-12-19 16:36:19.105 [info] Getting sessions for all scopes...
2025-12-19 16:36:19.105 [info] Got 0 sessions for ...
2025-12-19 16:36:19.105 [info] Getting sessions for all scopes...
2025-12-19 16:36:19.105 [info] Got 0 sessions for ...
2025-12-19 16:36:19.105 [info] Getting sessions for all scopes...
2025-12-19 16:36:19.105 [info] Got 0 sessions for ...
2025-12-19 16:36:19.105 [info] Getting sessions for all scopes...
2025-12-19 16:36:19.105 [info] Got 0 sessions for ...
2025-12-19 16:36:19.105 [info] Getting sessions for all scopes...
2025-12-19 16:36:19.105 [info] Got 0 sessions for ...
2025-12-19 16:36:19.105 [info] Getting sessions for all scopes...
2025-12-19 16:36:19.105 [info] Got 0 sessions for ...
2025-12-19 16:36:19.105 [info] Getting sessions for all scopes...
2025-12-19 16:36:19.105 [info] Got 0 sessions for ...
2025-12-19 16:36:19.105 [info] Getting sessions for all scopes...
2025-12-19 16:36:19.105 [info] Got 0 sessions for ...
2025-12-19 16:36:19.105 [info] Getting sessions for all scopes...
2025-12-19 16:36:19.105 [info] Got 0 sessions for ...
2025-12-19 16:36:19.105 [info] Getting sessions for all scopes...
2025-12-19 16:36:19.105 [info] Got 0 sessions for ...
2025-12-19 16:36:19.105 [info] Getting sessions for all scopes...
2025-12-19 16:36:19.105 [info] Got 0 sessions for ...
2025-12-19 16:36:19.105 [info] Getting sessions for all scopes...
2025-12-19 16:36:19.105 [info] Got 0 sessions for ...
2025-12-19 16:36:19.105 [info] Getting sessions for all scopes...
2025-12-19 16:36:19.105 [info] Got 0 sessions for ...
2025-12-19 16:36:19.105 [info] Getting sessions for all scopes...
2025-12-19 16:36:19.105 [info] Got 0 sessions for ...
2025-12-19 16:36:19.105 [info] Getting sessions for user:email...
2025-12-19 16:36:19.105 [info] Got 0 sessions for user:email...
2025-12-19 16:36:19.105 [info] Getting sessions for read:user,repo,user:email,workflow...
2025-12-19 16:36:19.105 [info] Got 0 sessions for read:user,repo,user:email,workflow...
2025-12-19 16:36:19.144 [info] Getting sessions for all scopes...
2025-12-19 16:36:19.144 [info] Got 0 sessions for ...
2025-12-19 16:36:19.145 [info] Getting sessions for user:email...
2025-12-19 16:36:19.145 [info] Got 0 sessions for user:email...
2025-12-19 16:36:19.675 [info] Getting sessions for all scopes...
2025-12-19 16:36:19.675 [info] Got 0 sessions for ...
2025-12-19 16:36:19.675 [info] Getting sessions for all scopes...
2025-12-19 16:36:19.675 [info] Got 0 sessions for ...
2025-12-19 16:36:19.676 [info] Getting sessions for all scopes...
2025-12-19 16:36:19.676 [info] Got 0 sessions for ...
2025-12-19 16:36:19.677 [info] Getting sessions for all scopes...
2025-12-19 16:36:19.677 [info] Got 0 sessions for ...
2025-12-19 16:36:19.888 [info] Getting sessions for user:email...
2025-12-19 16:36:19.888 [info] Got 0 sessions for user:email...
2025-12-19 16:36:19.890 [info] Getting sessions for read:user,repo,user:email,workflow...
2025-12-19 16:36:19.890 [info] Got 0 sessions for read:user,repo,user:email,workflow...
