2025-12-19 16:33:40.862 [info] Reading sessions from keychain...
2025-12-19 16:33:40.862 [info] Getting sessions for all scopes...
2025-12-19 16:33:40.862 [info] Got 0 sessions for ...
2025-12-19 16:33:40.862 [info] Getting sessions for all scopes...
2025-12-19 16:33:40.862 [info] Got 0 sessions for ...
2025-12-19 16:33:40.862 [info] Getting sessions for all scopes...
2025-12-19 16:33:40.862 [info] Got 0 sessions for ...
2025-12-19 16:33:40.862 [info] Getting sessions for all scopes...
2025-12-19 16:33:40.862 [info] Got 0 sessions for ...
2025-12-19 16:33:40.862 [info] Getting sessions for all scopes...
2025-12-19 16:33:40.862 [info] Got 0 sessions for ...
2025-12-19 16:33:40.862 [info] Getting sessions for all scopes...
2025-12-19 16:33:40.862 [info] Got 0 sessions for ...
2025-12-19 16:33:40.862 [info] Getting sessions for all scopes...
2025-12-19 16:33:40.863 [info] Got 0 sessions for ...
2025-12-19 16:33:40.863 [info] Getting sessions for all scopes...
2025-12-19 16:33:40.863 [info] Got 0 sessions for ...
2025-12-19 16:33:40.863 [info] Getting sessions for all scopes...
2025-12-19 16:33:40.863 [info] Got 0 sessions for ...
2025-12-19 16:33:40.863 [info] Getting sessions for all scopes...
2025-12-19 16:33:40.863 [info] Got 0 sessions for ...
2025-12-19 16:33:40.863 [info] Getting sessions for all scopes...
2025-12-19 16:33:40.863 [info] Got 0 sessions for ...
2025-12-19 16:33:40.863 [info] Getting sessions for all scopes...
2025-12-19 16:33:40.863 [info] Got 0 sessions for ...
2025-12-19 16:33:40.863 [info] Getting sessions for all scopes...
2025-12-19 16:33:40.863 [info] Got 0 sessions for ...
2025-12-19 16:33:40.863 [info] Getting sessions for all scopes...
2025-12-19 16:33:40.863 [info] Got 0 sessions for ...
2025-12-19 16:33:40.863 [info] Getting sessions for all scopes...
2025-12-19 16:33:40.863 [info] Got 0 sessions for ...
2025-12-19 16:33:40.863 [info] Getting sessions for all scopes...
2025-12-19 16:33:40.863 [info] Got 0 sessions for ...
2025-12-19 16:33:40.863 [info] Getting sessions for all scopes...
2025-12-19 16:33:40.863 [info] Got 0 sessions for ...
2025-12-19 16:33:40.863 [info] Getting sessions for all scopes...
2025-12-19 16:33:40.863 [info] Got 0 sessions for ...
2025-12-19 16:33:40.863 [info] Getting sessions for user:email...
2025-12-19 16:33:40.863 [info] Got 0 sessions for user:email...
2025-12-19 16:33:40.863 [info] Getting sessions for read:user,repo,user:email,workflow...
2025-12-19 16:33:40.863 [info] Got 0 sessions for read:user,repo,user:email,workflow...
2025-12-19 16:33:41.271 [info] Getting sessions for all scopes...
2025-12-19 16:33:41.271 [info] Got 0 sessions for ...
2025-12-19 16:33:41.271 [info] Getting sessions for all scopes...
2025-12-19 16:33:41.271 [info] Got 0 sessions for ...
2025-12-19 16:33:41.271 [info] Getting sessions for all scopes...
2025-12-19 16:33:41.271 [info] Got 0 sessions for ...
2025-12-19 16:33:41.280 [info] Getting sessions for user:email...
2025-12-19 16:33:41.280 [info] Got 0 sessions for user:email...
2025-12-19 16:33:41.284 [info] Getting sessions for read:user,repo,user:email,workflow...
2025-12-19 16:33:41.284 [info] Got 0 sessions for read:user,repo,user:email,workflow...
2025-12-19 16:33:41.438 [info] Getting sessions for all scopes...
2025-12-19 16:33:41.438 [info] Got 0 sessions for ...
2025-12-19 16:35:55.859 [info] Getting sessions for all scopes...
2025-12-19 16:35:55.859 [info] Got 0 sessions for ...
2025-12-19 16:35:55.861 [info] Getting sessions for user:email...
2025-12-19 16:35:55.861 [info] Got 0 sessions for user:email...
2025-12-19 16:35:55.868 [info] Getting sessions for all scopes...
2025-12-19 16:35:55.868 [info] Got 0 sessions for ...
2025-12-19 16:35:55.868 [info] Getting sessions for all scopes...
2025-12-19 16:35:55.868 [info] Got 0 sessions for ...
2025-12-19 16:35:55.869 [info] Getting sessions for user:email...
2025-12-19 16:35:55.870 [info] Got 0 sessions for user:email...
2025-12-19 16:35:55.870 [info] Getting sessions for read:user,repo,user:email,workflow...
2025-12-19 16:35:55.870 [info] Got 0 sessions for read:user,repo,user:email,workflow...
2025-12-19 16:35:55.873 [info] Getting sessions for all scopes...
2025-12-19 16:35:55.873 [info] Got 0 sessions for ...
2025-12-19 16:35:55.874 [info] Getting sessions for all scopes...
2025-12-19 16:35:55.874 [info] Got 0 sessions for ...
2025-12-19 16:35:57.501 [info] Getting sessions for all scopes...
2025-12-19 16:35:57.501 [info] Got 0 sessions for ...
2025-12-19 16:35:57.502 [info] Getting sessions for user:email...
2025-12-19 16:35:57.502 [info] Got 0 sessions for user:email...
2025-12-19 16:35:57.509 [info] Getting sessions for all scopes...
2025-12-19 16:35:57.509 [info] Got 0 sessions for ...
2025-12-19 16:35:57.512 [info] Getting sessions for all scopes...
2025-12-19 16:35:57.512 [info] Got 0 sessions for ...
2025-12-19 16:35:57.703 [info] Getting sessions for all scopes...
2025-12-19 16:35:57.703 [info] Got 0 sessions for ...
2025-12-19 16:35:57.703 [info] Getting sessions for user:email...
2025-12-19 16:35:57.703 [info] Got 0 sessions for user:email...
2025-12-19 16:35:58.185 [info] Getting sessions for all scopes...
2025-12-19 16:35:58.185 [info] Got 0 sessions for ...
2025-12-19 16:35:58.187 [info] Getting sessions for user:email...
2025-12-19 16:35:58.187 [info] Got 0 sessions for user:email...
2025-12-19 16:36:02.347 [info] Getting sessions for all scopes...
2025-12-19 16:36:02.347 [info] Got 0 sessions for ...
2025-12-19 16:36:02.348 [info] Getting sessions for user:email...
2025-12-19 16:36:02.348 [info] Got 0 sessions for user:email...
2025-12-19 16:36:02.604 [info] Getting sessions for all scopes...
2025-12-19 16:36:02.604 [info] Got 0 sessions for ...
2025-12-19 16:36:02.605 [info] Getting sessions for user:email...
2025-12-19 16:36:02.605 [info] Got 0 sessions for user:email...
2025-12-19 16:36:02.805 [info] Getting sessions for all scopes...
2025-12-19 16:36:02.805 [info] Got 0 sessions for ...
2025-12-19 16:36:02.806 [info] Getting sessions for user:email...
2025-12-19 16:36:02.806 [info] Got 0 sessions for user:email...
2025-12-19 16:36:03.007 [info] Getting sessions for all scopes...
2025-12-19 16:36:03.007 [info] Got 0 sessions for ...
2025-12-19 16:36:03.008 [info] Getting sessions for user:email...
2025-12-19 16:36:03.008 [info] Got 0 sessions for user:email...
2025-12-19 16:36:03.204 [info] Getting sessions for all scopes...
2025-12-19 16:36:03.204 [info] Got 0 sessions for ...
2025-12-19 16:36:03.205 [info] Getting sessions for user:email...
2025-12-19 16:36:03.205 [info] Got 0 sessions for user:email...
2025-12-19 16:36:03.420 [info] Getting sessions for all scopes...
2025-12-19 16:36:03.420 [info] Got 0 sessions for ...
2025-12-19 16:36:03.421 [info] Getting sessions for user:email...
2025-12-19 16:36:03.421 [info] Got 0 sessions for user:email...
2025-12-19 16:36:03.669 [info] Getting sessions for all scopes...
2025-12-19 16:36:03.669 [info] Got 0 sessions for ...
2025-12-19 16:36:03.671 [info] Getting sessions for user:email...
2025-12-19 16:36:03.671 [info] Got 0 sessions for user:email...
2025-12-19 16:36:08.669 [info] Getting sessions for all scopes...
2025-12-19 16:36:08.669 [info] Got 0 sessions for ...
2025-12-19 16:36:08.670 [info] Getting sessions for user:email...
2025-12-19 16:36:08.670 [info] Got 0 sessions for user:email...
