2025-12-19 16:33:40.909 [info] [main] Log level: Info
2025-12-19 16:33:40.909 [info] [main] Validating found git in: "git"
2025-12-19 16:33:40.909 [info] [main] Using git "2.52.0" from "git"
2025-12-19 16:33:40.909 [info] [Model][doInitialScan] Initial repository scan started
2025-12-19 16:33:40.909 [info] > git rev-parse --show-toplevel [7ms]
2025-12-19 16:33:40.909 [info] fatal: not a git repository (or any parent up to mount point /)
Stopping at filesystem boundary (GIT_DISCOVERY_ACROSS_FILESYSTEM not set).
2025-12-19 16:33:40.909 [info] > git rev-parse --show-toplevel [2ms]
2025-12-19 16:33:40.909 [info] fatal: not a git repository (or any parent up to mount point /)
Stopping at filesystem boundary (GIT_DISCOVERY_ACROSS_FILESYSTEM not set).
2025-12-19 16:33:40.909 [info] > git rev-parse --show-toplevel [2ms]
2025-12-19 16:33:40.909 [info] fatal: not a git repository (or any parent up to mount point /)
Stopping at filesystem boundary (GIT_DISCOVERY_ACROSS_FILESYSTEM not set).
2025-12-19 16:33:40.909 [info] [Model][doInitialScan] Initial repository scan completed - repositories (0), closed repositories (0), parent repositories (0), unsafe repositories (0)
2025-12-19 16:33:41.260 [info] > git rev-parse --show-toplevel [4ms]
2025-12-19 16:33:41.260 [info] fatal: not a git repository (or any parent up to mount point /)
Stopping at filesystem boundary (GIT_DISCOVERY_ACROSS_FILESYSTEM not set).
2025-12-19 16:33:41.646 [info] > git rev-parse --show-toplevel [197ms]
2025-12-19 16:33:41.646 [info] fatal: not a git repository (or any parent up to mount point /)
Stopping at filesystem boundary (GIT_DISCOVERY_ACROSS_FILESYSTEM not set).
