2025-12-21 09:33:35.164 [info] Reading sessions from keychain...
2025-12-21 09:33:35.164 [info] Getting sessions for all scopes...
2025-12-21 09:33:35.164 [info] Got 0 sessions for ...
2025-12-21 09:33:35.164 [info] Getting sessions for all scopes...
2025-12-21 09:33:35.164 [info] Got 0 sessions for ...
2025-12-21 09:33:35.164 [info] Getting sessions for all scopes...
2025-12-21 09:33:35.164 [info] Got 0 sessions for ...
2025-12-21 09:33:35.164 [info] Getting sessions for all scopes...
2025-12-21 09:33:35.164 [info] Got 0 sessions for ...
2025-12-21 09:33:35.164 [info] Getting sessions for all scopes...
2025-12-21 09:33:35.164 [info] Got 0 sessions for ...
2025-12-21 09:33:35.164 [info] Getting sessions for all scopes...
2025-12-21 09:33:35.164 [info] Got 0 sessions for ...
2025-12-21 09:33:35.164 [info] Getting sessions for all scopes...
2025-12-21 09:33:35.164 [info] Got 0 sessions for ...
2025-12-21 09:33:35.164 [info] Getting sessions for all scopes...
2025-12-21 09:33:35.164 [info] Got 0 sessions for ...
2025-12-21 09:33:35.164 [info] Getting sessions for all scopes...
2025-12-21 09:33:35.164 [info] Got 0 sessions for ...
2025-12-21 09:33:35.164 [info] Getting sessions for all scopes...
2025-12-21 09:33:35.164 [info] Got 0 sessions for ...
2025-12-21 09:33:35.164 [info] Getting sessions for all scopes...
2025-12-21 09:33:35.164 [info] Got 0 sessions for ...
2025-12-21 09:33:35.164 [info] Getting sessions for all scopes...
2025-12-21 09:33:35.164 [info] Got 0 sessions for ...
2025-12-21 09:33:35.164 [info] Getting sessions for all scopes...
2025-12-21 09:33:35.164 [info] Got 0 sessions for ...
2025-12-21 09:33:35.164 [info] Getting sessions for all scopes...
2025-12-21 09:33:35.164 [info] Got 0 sessions for ...
2025-12-21 09:33:35.164 [info] Getting sessions for all scopes...
2025-12-21 09:33:35.164 [info] Got 0 sessions for ...
2025-12-21 09:33:35.164 [info] Getting sessions for all scopes...
2025-12-21 09:33:35.164 [info] Got 0 sessions for ...
2025-12-21 09:33:35.164 [info] Getting sessions for all scopes...
2025-12-21 09:33:35.164 [info] Got 0 sessions for ...
2025-12-21 09:33:35.164 [info] Getting sessions for all scopes...
2025-12-21 09:33:35.164 [info] Got 0 sessions for ...
2025-12-21 09:33:35.164 [info] Getting sessions for all scopes...
2025-12-21 09:33:35.164 [info] Got 0 sessions for ...
2025-12-21 09:33:35.164 [info] Getting sessions for user:email...
2025-12-21 09:33:35.164 [info] Got 0 sessions for user:email...
2025-12-21 09:33:35.164 [info] Getting sessions for read:user,repo,user:email,workflow...
2025-12-21 09:33:35.164 [info] Got 0 sessions for read:user,repo,user:email,workflow...
2025-12-21 09:33:35.544 [info] Getting sessions for all scopes...
2025-12-21 09:33:35.544 [info] Got 0 sessions for ...
2025-12-21 09:33:35.545 [info] Getting sessions for user:email...
2025-12-21 09:33:35.545 [info] Got 0 sessions for user:email...
2025-12-21 09:33:35.683 [info] Getting sessions for all scopes...
2025-12-21 09:33:35.683 [info] Got 0 sessions for ...
2025-12-21 09:33:35.683 [info] Getting sessions for all scopes...
2025-12-21 09:33:35.683 [info] Got 0 sessions for ...
2025-12-21 09:33:35.683 [info] Getting sessions for all scopes...
2025-12-21 09:33:35.683 [info] Got 0 sessions for ...
2025-12-21 09:33:35.686 [info] Getting sessions for user:email...
2025-12-21 09:33:35.687 [info] Got 0 sessions for user:email...
2025-12-21 09:33:35.687 [info] Getting sessions for read:user,repo,user:email,workflow...
2025-12-21 09:33:35.687 [info] Got 0 sessions for read:user,repo,user:email,workflow...
