2026-01-01 11:42:14.736 [info] Reading sessions from keychain...
2026-01-01 11:42:14.736 [info] Getting sessions for all scopes...
2026-01-01 11:42:14.736 [info] Got stored sessions!
2026-01-01 11:42:14.736 [info] Got 1 verified sessions.
2026-01-01 11:42:14.736 [info] Got 1 sessions for ...
2026-01-01 11:42:14.736 [info] Getting sessions for all scopes...
2026-01-01 11:42:14.736 [info] Got 1 sessions for ...
2026-01-01 11:42:14.736 [info] Getting sessions for all scopes...
2026-01-01 11:42:14.736 [info] Got 1 sessions for ...
2026-01-01 11:42:14.736 [info] Getting sessions for all scopes...
2026-01-01 11:42:14.736 [info] Got 1 sessions for ...
2026-01-01 11:42:14.736 [info] Getting sessions for all scopes...
2026-01-01 11:42:14.736 [info] Got 1 sessions for ...
2026-01-01 11:42:14.736 [info] Getting sessions for all scopes...
2026-01-01 11:42:14.736 [info] Got 1 sessions for ...
2026-01-01 11:42:14.736 [info] Getting sessions for all scopes...
2026-01-01 11:42:14.736 [info] Got 1 sessions for ...
2026-01-01 11:42:14.736 [info] Getting sessions for all scopes...
2026-01-01 11:42:14.736 [info] Got 1 sessions for ...
2026-01-01 11:42:14.736 [info] Getting sessions for all scopes...
2026-01-01 11:42:14.736 [info] Got 1 sessions for ...
2026-01-01 11:42:14.736 [info] Getting sessions for all scopes...
2026-01-01 11:42:14.736 [info] Got 1 sessions for ...
2026-01-01 11:42:14.736 [info] Getting sessions for all scopes...
2026-01-01 11:42:14.736 [info] Got 1 sessions for ...
2026-01-01 11:42:14.736 [info] Getting sessions for all scopes...
2026-01-01 11:42:14.736 [info] Got 1 sessions for ...
2026-01-01 11:42:14.736 [info] Getting sessions for all scopes...
2026-01-01 11:42:14.736 [info] Got 1 sessions for ...
2026-01-01 11:42:14.736 [info] Getting sessions for all scopes...
2026-01-01 11:42:14.736 [info] Got 1 sessions for ...
2026-01-01 11:42:14.736 [info] Getting sessions for all scopes...
2026-01-01 11:42:14.736 [info] Got 1 sessions for ...
2026-01-01 11:42:14.736 [info] Getting sessions for all scopes...
2026-01-01 11:42:14.736 [info] Got 1 sessions for ...
2026-01-01 11:42:14.736 [info] Getting sessions for all scopes...
2026-01-01 11:42:14.736 [info] Got 1 sessions for ...
2026-01-01 11:42:14.736 [info] Getting sessions for all scopes...
2026-01-01 11:42:14.736 [info] Got 1 sessions for ...
2026-01-01 11:42:14.736 [info] Getting sessions for read:user,repo,user:email,workflow...
2026-01-01 11:42:14.736 [info] Got 1 sessions for read:user,repo,user:email,workflow...
2026-01-01 11:42:14.748 [info] Getting sessions for all scopes...
2026-01-01 11:42:14.748 [info] Got 1 sessions for ...
2026-01-01 11:42:14.749 [info] Getting sessions for read:user,repo,user:email,workflow...
2026-01-01 11:42:14.749 [info] Got 1 sessions for read:user,repo,user:email,workflow...
2026-01-01 11:42:15.184 [info] Getting sessions for all scopes...
2026-01-01 11:42:15.184 [info] Got 1 sessions for ...
2026-01-01 11:42:15.187 [info] Getting sessions for all scopes...
2026-01-01 11:42:15.187 [info] Got 1 sessions for ...
2026-01-01 11:42:15.373 [info] Getting sessions for read:user,repo,user:email,workflow...
2026-01-01 11:42:15.373 [info] Got 1 sessions for read:user,repo,user:email,workflow...
2026-01-01 11:42:15.619 [info] Getting sessions for all scopes...
2026-01-01 11:42:15.619 [info] Got 1 sessions for ...
2026-01-01 11:42:15.702 [info] Getting sessions for all scopes...
2026-01-01 11:42:15.702 [info] Got 1 sessions for ...
2026-01-01 11:42:15.706 [info] Getting sessions for all scopes...
2026-01-01 11:42:15.706 [info] Got 1 sessions for ...
2026-01-01 11:42:15.708 [info] Getting sessions for all scopes...
2026-01-01 11:42:15.708 [info] Got 1 sessions for ...
2026-01-01 11:42:15.709 [info] Getting sessions for all scopes...
2026-01-01 11:42:15.709 [info] Got 1 sessions for ...
2026-01-01 11:42:15.713 [info] Getting sessions for read:user,repo,user:email,workflow...
2026-01-01 11:42:15.713 [info] Got 1 sessions for read:user,repo,user:email,workflow...
2026-01-01 11:42:16.075 [info] FetcherService: Electron fetch failed with status: 429 
2026-01-01 11:42:16.554 [info] FetcherService: Node fetch failed with status: 429 Too Many Requests
2026-01-01 11:42:17.022 [info] FetcherService: Node http/s failed with status: 429 Too Many Requests
